A.L.E: Arcade Learning Environment (version 0.8.1+53f58b7)
[Powered by Stella]
Episode 0 - Step 266 - Epsilon 0.9999335022027547 - Mean Reward 155.0 - Mean Length 266.0 - Mean Loss 0.0 - Mean Q Value 0.0 - Time Delta 0.937 - Time 2024-03-07T19:16:47
Episode 20 - Step 5631 - Epsilon 0.9985932402393073 - Mean Reward 145.714 - Mean Length 268.143 - Mean Loss 0.0 - Mean Q Value 0.0 - Time Delta 16.878 - Time 2024-03-07T19:17:04
Episode 40 - Step 10406 - Epsilon 0.997401880643918 - Mean Reward 142.317 - Mean Length 253.805 - Mean Loss 0.023 - Mean Q Value 0.002 - Time Delta 16.765 - Time 2024-03-07T19:17:21
Episode 60 - Step 14633 - Epsilon 0.9963484327882641 - Mean Reward 130.082 - Mean Length 239.885 - Mean Loss 0.19 - Mean Q Value 0.018 - Time Delta 22.248 - Time 2024-03-07T19:17:43
Episode 80 - Step 19483 - Epsilon 0.9951410922605315 - Mean Reward 127.901 - Mean Length 240.531 - Mean Loss 0.275 - Mean Q Value 0.026 - Time Delta 25.045 - Time 2024-03-07T19:18:08
Episode 100 - Step 24549 - Epsilon 0.9938815436870593 - Mean Reward 126.3 - Mean Length 242.83 - Mean Loss 0.322 - Mean Q Value 0.041 - Time Delta 26.135 - Time 2024-03-07T19:18:34
Episode 120 - Step 29424 - Epsilon 0.9926709882362734 - Mean Reward 122.4 - Mean Length 237.93 - Mean Loss 0.418 - Mean Q Value 0.071 - Time Delta 25.087 - Time 2024-03-07T19:18:59
Episode 140 - Step 34792 - Epsilon 0.9913397170862026 - Mean Reward 124.45 - Mean Length 243.86 - Mean Loss 0.505 - Mean Q Value 0.12 - Time Delta 27.491 - Time 2024-03-07T19:19:27
Episode 160 - Step 39759 - Epsilon 0.9901094848170945 - Mean Reward 125.75 - Mean Length 251.26 - Mean Loss 0.485 - Mean Q Value 0.174 - Time Delta 25.622 - Time 2024-03-07T19:19:52
Episode 180 - Step 45223 - Epsilon 0.9887579184217076 - Mean Reward 132.05 - Mean Length 257.4 - Mean Loss 0.47 - Mean Q Value 0.268 - Time Delta 27.994 - Time 2024-03-07T19:20:20
Episode 200 - Step 49825 - Epsilon 0.987621006428324 - Mean Reward 129.5 - Mean Length 252.76 - Mean Loss 0.456 - Mean Q Value 0.357 - Time Delta 23.649 - Time 2024-03-07T19:20:44
Episode 220 - Step 55183 - Epsilon 0.9862989735539633 - Mean Reward 139.25 - Mean Length 257.59 - Mean Loss 0.454 - Mean Q Value 0.485 - Time Delta 27.382 - Time 2024-03-07T19:21:11
Episode 240 - Step 60313 - Epsilon 0.9850348557509987 - Mean Reward 138.85 - Mean Length 255.21 - Mean Loss 0.452 - Mean Q Value 0.603 - Time Delta 26.394 - Time 2024-03-07T19:21:38
Episode 260 - Step 64815 - Epsilon 0.9839268225448481 - Mean Reward 137.8 - Mean Length 250.56 - Mean Loss 0.474 - Mean Q Value 0.743 - Time Delta 23.382 - Time 2024-03-07T19:22:01
Episode 280 - Step 70196 - Epsilon 0.9826040847272982 - Mean Reward 143.15 - Mean Length 249.73 - Mean Loss 0.477 - Mean Q Value 0.853 - Time Delta 27.684 - Time 2024-03-07T19:22:29
Episode 300 - Step 75310 - Epsilon 0.9813486279696108 - Mean Reward 147.1 - Mean Length 254.85 - Mean Loss 0.501 - Mean Q Value 1.0 - Time Delta 26.022 - Time 2024-03-07T19:22:55
Episode 320 - Step 80483 - Epsilon 0.9800803189948337 - Mean Reward 138.85 - Mean Length 253.0 - Mean Loss 0.514 - Mean Q Value 1.107 - Time Delta 26.312 - Time 2024-03-07T19:23:21
Episode 340 - Step 85539 - Epsilon 0.978842279922224 - Mean Reward 138.05 - Mean Length 252.26 - Mean Loss 0.532 - Mean Q Value 1.24 - Time Delta 25.733 - Time 2024-03-07T19:23:47
Episode 360 - Step 90792 - Epsilon 0.9775576588363059 - Mean Reward 147.65 - Mean Length 259.77 - Mean Loss 0.532 - Mean Q Value 1.348 - Time Delta 26.714 - Time 2024-03-07T19:24:13
Episode 380 - Step 95739 - Epsilon 0.9763494115544615 - Mean Reward 137.45 - Mean Length 255.43 - Mean Loss 0.553 - Mean Q Value 1.486 - Time Delta 25.232 - Time 2024-03-07T19:24:39
Episode 400 - Step 101013 - Epsilon 0.9750629429851155 - Mean Reward 138.85 - Mean Length 257.03 - Mean Loss 0.558 - Mean Q Value 1.59 - Time Delta 26.72 - Time 2024-03-07T19:25:05
Episode 420 - Step 106302 - Epsilon 0.9737745178453086 - Mean Reward 141.55 - Mean Length 258.19 - Mean Loss 0.562 - Mean Q Value 1.695 - Time Delta 26.123 - Time 2024-03-07T19:25:31
Episode 440 - Step 111055 - Epsilon 0.9726181173122999 - Mean Reward 139.8 - Mean Length 255.16 - Mean Loss 0.561 - Mean Q Value 1.786 - Time Delta 23.496 - Time 2024-03-07T19:25:55
Episode 460 - Step 115705 - Epsilon 0.9714881055561077 - Mean Reward 133.1 - Mean Length 249.13 - Mean Loss 0.567 - Mean Q Value 1.902 - Time Delta 23.023 - Time 2024-03-07T19:26:18
Episode 480 - Step 120794 - Epsilon 0.9702529155610871 - Mean Reward 135.05 - Mean Length 250.55 - Mean Loss 0.564 - Mean Q Value 1.991 - Time Delta 25.183 - Time 2024-03-07T19:26:43
Episode 500 - Step 126071 - Epsilon 0.9689737531951546 - Mean Reward 134.65 - Mean Length 250.58 - Mean Loss 0.562 - Mean Q Value 2.127 - Time Delta 26.054 - Time 2024-03-07T19:27:09
Episode 520 - Step 130685 - Epsilon 0.9678566862232902 - Mean Reward 125.25 - Mean Length 243.83 - Mean Loss 0.563 - Mean Q Value 2.257 - Time Delta 22.885 - Time 2024-03-07T19:27:32
Episode 540 - Step 135348 - Epsilon 0.9667290645404046 - Mean Reward 121.75 - Mean Length 242.93 - Mean Loss 0.575 - Mean Q Value 2.434 - Time Delta 23.435 - Time 2024-03-07T19:27:56
Episode 560 - Step 140928 - Epsilon 0.9653814175290596 - Mean Reward 131.2 - Mean Length 252.23 - Mean Loss 0.577 - Mean Q Value 2.583 - Time Delta 27.574 - Time 2024-03-07T19:28:23
Episode 580 - Step 146260 - Epsilon 0.9640954212455096 - Mean Reward 133.65 - Mean Length 254.66 - Mean Loss 0.581 - Mean Q Value 2.743 - Time Delta 26.461 - Time 2024-03-07T19:28:50
Episode 600 - Step 151373 - Epsilon 0.9628638534126662 - Mean Reward 136.3 - Mean Length 253.02 - Mean Loss 0.583 - Mean Q Value 2.879 - Time Delta 25.334 - Time 2024-03-07T19:29:15
Episode 620 - Step 156429 - Epsilon 0.9616475622077253 - Mean Reward 152.85 - Mean Length 257.44 - Mean Loss 0.593 - Mean Q Value 3.052 - Time Delta 25.02 - Time 2024-03-07T19:29:40
Episode 640 - Step 161546 - Epsilon 0.9604181609333735 - Mean Reward 166.0 - Mean Length 261.98 - Mean Loss 0.591 - Mean Q Value 3.188 - Time Delta 25.309 - Time 2024-03-07T19:30:05
Episode 660 - Step 167089 - Epsilon 0.9590881830216978 - Mean Reward 163.85 - Mean Length 261.61 - Mean Loss 0.599 - Mean Q Value 3.358 - Time Delta 27.378 - Time 2024-03-07T19:30:33
Episode 680 - Step 172254 - Epsilon 0.9578505594631639 - Mean Reward 165.0 - Mean Length 259.94 - Mean Loss 0.61 - Mean Q Value 3.539 - Time Delta 25.575 - Time 2024-03-07T19:30:58
Episode 700 - Step 177449 - Epsilon 0.9566073583719443 - Mean Reward 162.9 - Mean Length 260.76 - Mean Loss 0.624 - Mean Q Value 3.744 - Time Delta 25.714 - Time 2024-03-07T19:31:24
Episode 720 - Step 182052 - Epsilon 0.9555071754557749 - Mean Reward 147.6 - Mean Length 256.23 - Mean Loss 0.634 - Mean Q Value 3.919 - Time Delta 22.997 - Time 2024-03-07T19:31:47
Episode 740 - Step 186456 - Epsilon 0.9544557408449874 - Mean Reward 128.8 - Mean Length 249.1 - Mean Loss 0.645 - Mean Q Value 4.094 - Time Delta 21.936 - Time 2024-03-07T19:32:09
Episode 760 - Step 191517 - Epsilon 0.953248879219696 - Mean Reward 129.4 - Mean Length 244.28 - Mean Loss 0.652 - Mean Q Value 4.24 - Time Delta 25.128 - Time 2024-03-07T19:32:34
Episode 780 - Step 196285 - Epsilon 0.9521132833631509 - Mean Reward 122.4 - Mean Length 240.31 - Mean Loss 0.657 - Mean Q Value 4.384 - Time Delta 23.665 - Time 2024-03-07T19:32:58
Episode 800 - Step 201216 - Epsilon 0.9509402887194169 - Mean Reward 120.35 - Mean Length 237.67 - Mean Loss 0.66 - Mean Q Value 4.487 - Time Delta 24.471 - Time 2024-03-07T19:33:22
Episode 820 - Step 205651 - Epsilon 0.9498865178346149 - Mean Reward 121.55 - Mean Length 235.99 - Mean Loss 0.666 - Mean Q Value 4.606 - Time Delta 22.093 - Time 2024-03-07T19:33:44
Episode 840 - Step 210830 - Epsilon 0.9486574479526563 - Mean Reward 133.95 - Mean Length 243.74 - Mean Loss 0.662 - Mean Q Value 4.686 - Time Delta 25.734 - Time 2024-03-07T19:34:10
Episode 860 - Step 216107 - Epsilon 0.9474067566265889 - Mean Reward 134.6 - Mean Length 245.9 - Mean Loss 0.667 - Mean Q Value 4.818 - Time Delta 26.149 - Time 2024-03-07T19:34:36
Episode 880 - Step 221152 - Epsilon 0.9462125929331386 - Mean Reward 142.55 - Mean Length 248.67 - Mean Loss 0.673 - Mean Q Value 4.953 - Time Delta 25.05 - Time 2024-03-07T19:35:01
Episode 900 - Step 226385 - Epsilon 0.9449755195307015 - Mean Reward 148.4 - Mean Length 251.69 - Mean Loss 0.687 - Mean Q Value 5.157 - Time Delta 25.871 - Time 2024-03-07T19:35:27
Episode 920 - Step 232102 - Epsilon 0.943625877817978 - Mean Reward 157.5 - Mean Length 264.51 - Mean Loss 0.7 - Mean Q Value 5.355 - Time Delta 28.263 - Time 2024-03-07T19:35:55
Episode 940 - Step 236907 - Epsilon 0.9424930276448481 - Mean Reward 153.8 - Mean Length 260.77 - Mean Loss 0.72 - Mean Q Value 5.589 - Time Delta 23.891 - Time 2024-03-07T19:36:19
Episode 960 - Step 241908 - Epsilon 0.9413154119001115 - Mean Reward 153.7 - Mean Length 258.01 - Mean Loss 0.729 - Mean Q Value 5.789 - Time Delta 24.825 - Time 2024-03-07T19:36:44
Episode 980 - Step 246923 - Epsilon 0.9401359770675541 - Mean Reward 149.65 - Mean Length 257.71 - Mean Loss 0.736 - Mean Q Value 5.984 - Time Delta 25.028 - Time 2024-03-07T19:37:09
Episode 1000 - Step 252220 - Epsilon 0.9388918258096975 - Mean Reward 153.5 - Mean Length 258.35 - Mean Loss 0.739 - Mean Q Value 6.121 - Time Delta 26.266 - Time 2024-03-07T19:37:35
Episode 1020 - Step 257107 - Epsilon 0.9377454350221288 - Mean Reward 148.75 - Mean Length 250.05 - Mean Loss 0.734 - Mean Q Value 6.268 - Time Delta 24.265 - Time 2024-03-07T19:38:00
Episode 1040 - Step 261902 - Epsilon 0.9366219860430739 - Mean Reward 146.7 - Mean Length 249.95 - Mean Loss 0.735 - Mean Q Value 6.378 - Time Delta 23.892 - Time 2024-03-07T19:38:23
Episode 1060 - Step 267247 - Epsilon 0.9353712605847555 - Mean Reward 144.3 - Mean Length 253.39 - Mean Loss 0.745 - Mean Q Value 6.447 - Time Delta 26.489 - Time 2024-03-07T19:38:50
Episode 1080 - Step 272159 - Epsilon 0.9342233295070443 - Mean Reward 139.95 - Mean Length 252.36 - Mean Loss 0.746 - Mean Q Value 6.489 - Time Delta 24.43 - Time 2024-03-07T19:39:14
Episode 1100 - Step 276299 - Epsilon 0.9332569084492355 - Mean Reward 128.95 - Mean Length 240.79 - Mean Loss 0.74 - Mean Q Value 6.518 - Time Delta 20.717 - Time 2024-03-07T19:39:35
Episode 1120 - Step 280931 - Epsilon 0.9321768223046629 - Mean Reward 128.35 - Mean Length 238.24 - Mean Loss 0.739 - Mean Q Value 6.514 - Time Delta 23.196 - Time 2024-03-07T19:39:58
Episode 1140 - Step 285242 - Epsilon 0.9311727097970905 - Mean Reward 126.9 - Mean Length 233.4 - Mean Loss 0.732 - Mean Q Value 6.555 - Time Delta 21.523 - Time 2024-03-07T19:40:20
Episode 1160 - Step 290002 - Epsilon 0.9300652731893188 - Mean Reward 124.1 - Mean Length 227.55 - Mean Loss 0.719 - Mean Q Value 6.597 - Time Delta 23.666 - Time 2024-03-07T19:40:43
Episode 1180 - Step 295062 - Epsilon 0.9288894843148477 - Mean Reward 130.35 - Mean Length 229.03 - Mean Loss 0.725 - Mean Q Value 6.7 - Time Delta 25.151 - Time 2024-03-07T19:41:09
Episode 1200 - Step 299881 - Epsilon 0.9277710784036962 - Mean Reward 135.1 - Mean Length 235.82 - Mean Loss 0.727 - Mean Q Value 6.792 - Time Delta 24.102 - Time 2024-03-07T19:41:33
Episode 1220 - Step 305362 - Epsilon 0.9265006705115169 - Mean Reward 144.75 - Mean Length 244.31 - Mean Loss 0.734 - Mean Q Value 6.957 - Time Delta 27.305 - Time 2024-03-07T19:42:00
Episode 1240 - Step 309986 - Epsilon 0.9254302544221521 - Mean Reward 145.55 - Mean Length 247.44 - Mean Loss 0.741 - Mean Q Value 7.092 - Time Delta 23.259 - Time 2024-03-07T19:42:23
Episode 1260 - Step 314798 - Epsilon 0.9243176310639805 - Mean Reward 142.75 - Mean Length 247.96 - Mean Loss 0.755 - Mean Q Value 7.293 - Time Delta 23.988 - Time 2024-03-07T19:42:47
Episode 1280 - Step 319766 - Epsilon 0.9231703410372167 - Mean Reward 141.75 - Mean Length 247.04 - Mean Loss 0.755 - Mean Q Value 7.443 - Time Delta 24.785 - Time 2024-03-07T19:43:12
Episode 1300 - Step 324064 - Epsilon 0.9221789271142222 - Mean Reward 132.7 - Mean Length 241.83 - Mean Loss 0.758 - Mean Q Value 7.6 - Time Delta 21.643 - Time 2024-03-07T19:43:34
Episode 1320 - Step 329478 - Epsilon 0.9209316020979125 - Mean Reward 136.2 - Mean Length 241.16 - Mean Loss 0.756 - Mean Q Value 7.685 - Time Delta 27.072 - Time 2024-03-07T19:44:01
Episode 1340 - Step 334172 - Epsilon 0.9198515225882897 - Mean Reward 135.85 - Mean Length 241.86 - Mean Loss 0.762 - Mean Q Value 7.81 - Time Delta 23.537 - Time 2024-03-07T19:44:24
Episode 1360 - Step 339048 - Epsilon 0.9187309065962339 - Mean Reward 141.0 - Mean Length 242.5 - Mean Loss 0.75 - Mean Q Value 7.896 - Time Delta 24.457 - Time 2024-03-07T19:44:49
Episode 1380 - Step 343984 - Epsilon 0.9175978917296534 - Mean Reward 136.7 - Mean Length 242.18 - Mean Loss 0.752 - Mean Q Value 7.939 - Time Delta 24.796 - Time 2024-03-07T19:45:14
Episode 1400 - Step 348881 - Epsilon 0.9164752097321467 - Mean Reward 150.4 - Mean Length 248.17 - Mean Loss 0.758 - Mean Q Value 7.968 - Time Delta 24.542 - Time 2024-03-07T19:45:38
Episode 1420 - Step 353635 - Epsilon 0.9153866258282788 - Mean Reward 138.95 - Mean Length 241.57 - Mean Loss 0.76 - Mean Q Value 8.038 - Time Delta 23.918 - Time 2024-03-07T19:46:02
Episode 1440 - Step 358087 - Epsilon 0.9143683671523762 - Mean Reward 140.0 - Mean Length 239.15 - Mean Loss 0.755 - Mean Q Value 8.045 - Time Delta 22.357 - Time 2024-03-07T19:46:24
Episode 1460 - Step 362897 - Epsilon 0.9132694998797269 - Mean Reward 135.3 - Mean Length 238.49 - Mean Loss 0.762 - Mean Q Value 8.077 - Time Delta 24.105 - Time 2024-03-07T19:46:48
Episode 1480 - Step 367750 - Epsilon 0.9121621474039541 - Mean Reward 141.55 - Mean Length 237.66 - Mean Loss 0.758 - Mean Q Value 8.135 - Time Delta 24.278 - Time 2024-03-07T19:47:13
Episode 1500 - Step 373242 - Epsilon 0.9109106079973671 - Mean Reward 140.85 - Mean Length 243.61 - Mean Loss 0.754 - Mean Q Value 8.218 - Time Delta 27.428 - Time 2024-03-07T19:47:40
Episode 1520 - Step 378446 - Epsilon 0.9097262837181503 - Mean Reward 141.3 - Mean Length 248.11 - Mean Loss 0.758 - Mean Q Value 8.278 - Time Delta 26.144 - Time 2024-03-07T19:48:06
Episode 1540 - Step 383726 - Epsilon 0.9085262370785006 - Mean Reward 148.45 - Mean Length 256.39 - Mean Loss 0.761 - Mean Q Value 8.37 - Time Delta 26.413 - Time 2024-03-07T19:48:33
Episode 1560 - Step 388716 - Epsilon 0.907393557112028 - Mean Reward 150.15 - Mean Length 258.19 - Mean Loss 0.763 - Mean Q Value 8.426 - Time Delta 25.05 - Time 2024-03-07T19:48:58
Episode 1580 - Step 393668 - Epsilon 0.9062708988167054 - Mean Reward 147.2 - Mean Length 259.18 - Mean Loss 0.773 - Mean Q Value 8.5 - Time Delta 24.868 - Time 2024-03-07T19:49:23
Episode 1600 - Step 398732 - Epsilon 0.9051242856745797 - Mean Reward 140.3 - Mean Length 254.9 - Mean Loss 0.774 - Mean Q Value 8.547 - Time Delta 25.382 - Time 2024-03-07T19:49:48
Episode 1620 - Step 403719 - Epsilon 0.9039965249941846 - Mean Reward 142.5 - Mean Length 252.73 - Mean Loss 0.774 - Mean Q Value 8.611 - Time Delta 25.136 - Time 2024-03-07T19:50:13
Episode 1640 - Step 408247 - Epsilon 0.9029737797829085 - Mean Reward 135.9 - Mean Length 245.21 - Mean Loss 0.768 - Mean Q Value 8.658 - Time Delta 23.141 - Time 2024-03-07T19:50:36
Episode 1660 - Step 413276 - Epsilon 0.9018392292126 - Mean Reward 138.8 - Mean Length 245.6 - Mean Loss 0.777 - Mean Q Value 8.706 - Time Delta 25.238 - Time 2024-03-07T19:51:02
Episode 1680 - Step 418561 - Epsilon 0.9006484608065953 - Mean Reward 144.65 - Mean Length 248.93 - Mean Loss 0.775 - Mean Q Value 8.756 - Time Delta 26.403 - Time 2024-03-07T19:51:28
Episode 1700 - Step 423964 - Epsilon 0.8994327310043865 - Mean Reward 158.05 - Mean Length 252.32 - Mean Loss 0.781 - Mean Q Value 8.855 - Time Delta 26.953 - Time 2024-03-07T19:51:55
Episode 1720 - Step 428739 - Epsilon 0.8983596736560048 - Mean Reward 160.9 - Mean Length 250.2 - Mean Loss 0.792 - Mean Q Value 8.944 - Time Delta 23.987 - Time 2024-03-07T19:52:19
Episode 1740 - Step 433101 - Epsilon 0.897380546275591 - Mean Reward 159.2 - Mean Length 248.54 - Mean Loss 0.809 - Mean Q Value 9.014 - Time Delta 21.982 - Time 2024-03-07T19:52:41
Episode 1760 - Step 437588 - Epsilon 0.8963744739082455 - Mean Reward 153.4 - Mean Length 243.12 - Mean Loss 0.807 - Mean Q Value 9.081 - Time Delta 22.589 - Time 2024-03-07T19:53:03
Episode 1780 - Step 442570 - Epsilon 0.8952587343324221 - Mean Reward 152.2 - Mean Length 240.09 - Mean Loss 0.819 - Mean Q Value 9.156 - Time Delta 24.927 - Time 2024-03-07T19:53:28
Episode 1800 - Step 448094 - Epsilon 0.8940232351742242 - Mean Reward 151.2 - Mean Length 241.3 - Mean Loss 0.825 - Mean Q Value 9.229 - Time Delta 27.462 - Time 2024-03-07T19:53:56
Episode 1820 - Step 452683 - Epsilon 0.8929981550134285 - Mean Reward 142.35 - Mean Length 239.44 - Mean Loss 0.828 - Mean Q Value 9.287 - Time Delta 22.923 - Time 2024-03-07T19:54:19
Episode 1840 - Step 457345 - Epsilon 0.8919579718180985 - Mean Reward 144.7 - Mean Length 242.44 - Mean Loss 0.824 - Mean Q Value 9.368 - Time Delta 23.397 - Time 2024-03-07T19:54:42
Episode 1860 - Step 461627 - Epsilon 0.8910036415862368 - Mean Reward 146.95 - Mean Length 240.39 - Mean Loss 0.828 - Mean Q Value 9.462 - Time Delta 21.625 - Time 2024-03-07T19:55:04
Episode 1880 - Step 466364 - Epsilon 0.8899490949384037 - Mean Reward 143.15 - Mean Length 237.94 - Mean Loss 0.826 - Mean Q Value 9.525 - Time Delta 23.69 - Time 2024-03-07T19:55:27
Episode 1900 - Step 471927 - Epsilon 0.8887122583444413 - Mean Reward 142.85 - Mean Length 238.33 - Mean Loss 0.827 - Mean Q Value 9.562 - Time Delta 27.67 - Time 2024-03-07T19:55:55
Episode 1920 - Step 477448 - Epsilon 0.887486459245671 - Mean Reward 156.3 - Mean Length 247.65 - Mean Loss 0.829 - Mean Q Value 9.638 - Time Delta 28.089 - Time 2024-03-07T19:56:23
Episode 1940 - Step 482071 - Epsilon 0.8864613391475019 - Mean Reward 161.05 - Mean Length 247.26 - Mean Loss 0.84 - Mean Q Value 9.726 - Time Delta 23.138 - Time 2024-03-07T19:56:46
Episode 1960 - Step 486867 - Epsilon 0.8853991088032871 - Mean Reward 168.7 - Mean Length 252.4 - Mean Loss 0.846 - Mean Q Value 9.766 - Time Delta 24.025 - Time 2024-03-07T19:57:10
Episode 1980 - Step 491818 - Epsilon 0.8843038838664674 - Mean Reward 169.2 - Mean Length 254.54 - Mean Loss 0.848 - Mean Q Value 9.823 - Time Delta 24.77 - Time 2024-03-07T19:57:35
Episode 2000 - Step 496908 - Epsilon 0.883179322687316 - Mean Reward 164.5 - Mean Length 249.81 - Mean Loss 0.857 - Mean Q Value 9.866 - Time Delta 25.47 - Time 2024-03-07T19:58:01
TestNet saved to /var/scratch/tbt204/TransferLearning/checkpoints/2024-03-07T19-16-45/test_net_1.chkpt at step 500000
Episode 2020 - Step 502257 - Epsilon 0.8819990803057962 - Mean Reward 165.1 - Mean Length 248.09 - Mean Loss 0.853 - Mean Q Value 9.875 - Time Delta 26.809 - Time 2024-03-07T19:58:27
Episode 2040 - Step 506430 - Epsilon 0.8810794144542899 - Mean Reward 159.05 - Mean Length 243.59 - Mean Loss 0.859 - Mean Q Value 9.885 - Time Delta 21.097 - Time 2024-03-07T19:58:49
Episode 2060 - Step 511381 - Epsilon 0.8799895329122402 - Mean Reward 156.25 - Mean Length 245.14 - Mean Loss 0.857 - Mean Q Value 9.915 - Time Delta 24.786 - Time 2024-03-07T19:59:13
Episode 2080 - Step 516495 - Epsilon 0.8788651850462353 - Mean Reward 163.4 - Mean Length 246.77 - Mean Loss 0.854 - Mean Q Value 9.956 - Time Delta 25.718 - Time 2024-03-07T19:59:39
Episode 2100 - Step 521420 - Epsilon 0.8777837480480881 - Mean Reward 162.35 - Mean Length 245.12 - Mean Loss 0.845 - Mean Q Value 9.975 - Time Delta 24.79 - Time 2024-03-07T20:00:04
Episode 2120 - Step 525834 - Epsilon 0.8768156478085143 - Mean Reward 148.95 - Mean Length 235.77 - Mean Loss 0.847 - Mean Q Value 9.987 - Time Delta 22.359 - Time 2024-03-07T20:00:26
Episode 2140 - Step 530630 - Epsilon 0.8757649757190987 - Mean Reward 153.0 - Mean Length 242.0 - Mean Loss 0.843 - Mean Q Value 9.963 - Time Delta 24.186 - Time 2024-03-07T20:00:50
Episode 2160 - Step 536180 - Epsilon 0.8745506942658993 - Mean Reward 154.4 - Mean Length 247.99 - Mean Loss 0.83 - Mean Q Value 9.971 - Time Delta 27.868 - Time 2024-03-07T20:01:18
Episode 2180 - Step 540338 - Epsilon 0.8736420710442397 - Mean Reward 143.55 - Mean Length 238.43 - Mean Loss 0.827 - Mean Q Value 9.958 - Time Delta 21.095 - Time 2024-03-07T20:01:39
Episode 2200 - Step 545070 - Epsilon 0.872609163430253 - Mean Reward 139.9 - Mean Length 236.5 - Mean Loss 0.82 - Mean Q Value 9.937 - Time Delta 24.162 - Time 2024-03-07T20:02:04
Episode 2220 - Step 549809 - Epsilon 0.8715759517641987 - Mean Reward 140.65 - Mean Length 239.75 - Mean Loss 0.818 - Mean Q Value 9.93 - Time Delta 24.0 - Time 2024-03-07T20:02:28
Episode 2240 - Step 554511 - Epsilon 0.8705520160408925 - Mean Reward 138.6 - Mean Length 238.81 - Mean Loss 0.818 - Mean Q Value 9.981 - Time Delta 23.772 - Time 2024-03-07T20:02:51
Episode 2260 - Step 558987 - Epsilon 0.8695784130455746 - Mean Reward 131.15 - Mean Length 228.07 - Mean Loss 0.829 - Mean Q Value 10.0 - Time Delta 22.649 - Time 2024-03-07T20:03:14
Episode 2280 - Step 564093 - Epsilon 0.8684691042294889 - Mean Reward 138.4 - Mean Length 237.55 - Mean Loss 0.835 - Mean Q Value 10.034 - Time Delta 25.73 - Time 2024-03-07T20:03:40
Episode 2300 - Step 569072 - Epsilon 0.8673887497019455 - Mean Reward 140.4 - Mean Length 240.02 - Mean Loss 0.842 - Mean Q Value 10.102 - Time Delta 25.193 - Time 2024-03-07T20:04:05
Episode 2320 - Step 573700 - Epsilon 0.8663857611338036 - Mean Reward 138.75 - Mean Length 238.91 - Mean Loss 0.838 - Mean Q Value 10.168 - Time Delta 23.487 - Time 2024-03-07T20:04:28
Episode 2340 - Step 578407 - Epsilon 0.8653668411864839 - Mean Reward 148.0 - Mean Length 238.96 - Mean Loss 0.83 - Mean Q Value 10.177 - Time Delta 23.792 - Time 2024-03-07T20:04:52
Episode 2360 - Step 583453 - Epsilon 0.8642758690551577 - Mean Reward 158.05 - Mean Length 244.66 - Mean Loss 0.829 - Mean Q Value 10.285 - Time Delta 25.567 - Time 2024-03-07T20:05:18
Episode 2380 - Step 588442 - Epsilon 0.8631985728111896 - Mean Reward 161.15 - Mean Length 243.49 - Mean Loss 0.827 - Mean Q Value 10.393 - Time Delta 25.206 - Time 2024-03-07T20:05:43
Episode 2400 - Step 593203 - Epsilon 0.8621717617835407 - Mean Reward 167.3 - Mean Length 241.31 - Mean Loss 0.829 - Mean Q Value 10.498 - Time Delta 24.106 - Time 2024-03-07T20:06:07
Episode 2420 - Step 597446 - Epsilon 0.8612576978552069 - Mean Reward 171.2 - Mean Length 237.46 - Mean Loss 0.832 - Mean Q Value 10.592 - Time Delta 21.569 - Time 2024-03-07T20:06:29
Episode 2440 - Step 602522 - Epsilon 0.8601654548746922 - Mean Reward 167.05 - Mean Length 241.15 - Mean Loss 0.835 - Mean Q Value 10.691 - Time Delta 25.635 - Time 2024-03-07T20:06:54
Episode 2460 - Step 607114 - Epsilon 0.859178551399976 - Mean Reward 160.4 - Mean Length 236.61 - Mean Loss 0.833 - Mean Q Value 10.692 - Time Delta 23.264 - Time 2024-03-07T20:07:17
Episode 2480 - Step 611871 - Epsilon 0.8581573805140282 - Mean Reward 155.05 - Mean Length 234.29 - Mean Loss 0.83 - Mean Q Value 10.686 - Time Delta 24.159 - Time 2024-03-07T20:07:42
Episode 2500 - Step 616511 - Epsilon 0.8571624949733032 - Mean Reward 147.8 - Mean Length 233.08 - Mean Loss 0.83 - Mean Q Value 10.686 - Time Delta 23.563 - Time 2024-03-07T20:08:05
Episode 2520 - Step 621175 - Epsilon 0.8561636258330456 - Mean Reward 147.35 - Mean Length 237.29 - Mean Loss 0.83 - Mean Q Value 10.684 - Time Delta 23.646 - Time 2024-03-07T20:08:29
Episode 2540 - Step 626313 - Epsilon 0.8550645895253096 - Mean Reward 148.15 - Mean Length 237.91 - Mean Loss 0.83 - Mean Q Value 10.734 - Time Delta 25.957 - Time 2024-03-07T20:08:55
Episode 2560 - Step 631483 - Epsilon 0.8539601323143666 - Mean Reward 151.5 - Mean Length 243.69 - Mean Loss 0.834 - Mean Q Value 10.781 - Time Delta 26.131 - Time 2024-03-07T20:09:21
Episode 2580 - Step 636634 - Epsilon 0.852861152773774 - Mean Reward 158.75 - Mean Length 247.63 - Mean Loss 0.842 - Mean Q Value 10.816 - Time Delta 26.015 - Time 2024-03-07T20:09:47
Episode 2600 - Step 640550 - Epsilon 0.8520266101760293 - Mean Reward 151.6 - Mean Length 240.39 - Mean Loss 0.838 - Mean Q Value 10.837 - Time Delta 20.056 - Time 2024-03-07T20:10:07
Episode 2620 - Step 645410 - Epsilon 0.8509920263521432 - Mean Reward 150.65 - Mean Length 242.35 - Mean Loss 0.837 - Mean Q Value 10.867 - Time Delta 24.588 - Time 2024-03-07T20:10:32
Episode 2640 - Step 650324 - Epsilon 0.8499472244180134 - Mean Reward 150.3 - Mean Length 240.11 - Mean Loss 0.834 - Mean Q Value 10.859 - Time Delta 24.864 - Time 2024-03-07T20:10:56
Episode 2660 - Step 655185 - Epsilon 0.8489149532851527 - Mean Reward 149.8 - Mean Length 237.02 - Mean Loss 0.829 - Mean Q Value 10.849 - Time Delta 24.689 - Time 2024-03-07T20:11:21
Episode 2680 - Step 659917 - Epsilon 0.8479112805592864 - Mean Reward 141.85 - Mean Length 232.83 - Mean Loss 0.817 - Mean Q Value 10.844 - Time Delta 24.008 - Time 2024-03-07T20:11:45
Episode 2700 - Step 664698 - Epsilon 0.8468984199058807 - Mean Reward 153.95 - Mean Length 241.48 - Mean Loss 0.821 - Mean Q Value 10.894 - Time Delta 24.394 - Time 2024-03-07T20:12:10
Episode 2720 - Step 668831 - Epsilon 0.8460238139251882 - Mean Reward 153.15 - Mean Length 234.21 - Mean Loss 0.823 - Mean Q Value 10.915 - Time Delta 21.057 - Time 2024-03-07T20:12:31
Episode 2740 - Step 673606 - Epsilon 0.845014475439775 - Mean Reward 151.5 - Mean Length 232.82 - Mean Loss 0.825 - Mean Q Value 10.889 - Time Delta 24.155 - Time 2024-03-07T20:12:55
Episode 2760 - Step 679094 - Epsilon 0.8438559103918523 - Mean Reward 158.45 - Mean Length 239.09 - Mean Loss 0.822 - Mean Q Value 10.877 - Time Delta 27.78 - Time 2024-03-07T20:13:23
Episode 2780 - Step 683888 - Epsilon 0.8428451547730547 - Mean Reward 157.45 - Mean Length 239.71 - Mean Loss 0.835 - Mean Q Value 10.87 - Time Delta 24.269 - Time 2024-03-07T20:13:47
Episode 2800 - Step 688847 - Epsilon 0.8418008848123358 - Mean Reward 155.6 - Mean Length 241.49 - Mean Loss 0.828 - Mean Q Value 10.809 - Time Delta 25.063 - Time 2024-03-07T20:14:12
Episode 2820 - Step 693813 - Epsilon 0.8407564373580477 - Mean Reward 164.75 - Mean Length 249.82 - Mean Loss 0.823 - Mean Q Value 10.732 - Time Delta 25.152 - Time 2024-03-07T20:14:37
Episode 2840 - Step 699116 - Epsilon 0.839642542907763 - Mean Reward 167.5 - Mean Length 255.1 - Mean Loss 0.82 - Mean Q Value 10.71 - Time Delta 26.799 - Time 2024-03-07T20:15:04
Episode 2860 - Step 703827 - Epsilon 0.838654235882714 - Mean Reward 157.9 - Mean Length 247.33 - Mean Loss 0.824 - Mean Q Value 10.699 - Time Delta 23.845 - Time 2024-03-07T20:15:28
Episode 2880 - Step 708737 - Epsilon 0.8376254192448157 - Mean Reward 161.2 - Mean Length 248.49 - Mean Loss 0.811 - Mean Q Value 10.681 - Time Delta 24.873 - Time 2024-03-07T20:15:53
Episode 2900 - Step 713759 - Epsilon 0.8365744402895284 - Mean Reward 170.2 - Mean Length 249.12 - Mean Loss 0.819 - Mean Q Value 10.673 - Time Delta 25.609 - Time 2024-03-07T20:16:18
Episode 2920 - Step 718565 - Epsilon 0.835569899572496 - Mean Reward 166.6 - Mean Length 247.52 - Mean Loss 0.826 - Mean Q Value 10.703 - Time Delta 24.439 - Time 2024-03-07T20:16:43
Episode 2940 - Step 723418 - Epsilon 0.8345567589857428 - Mean Reward 166.15 - Mean Length 243.02 - Mean Loss 0.833 - Mean Q Value 10.746 - Time Delta 24.755 - Time 2024-03-07T20:17:07
Episode 2960 - Step 727872 - Epsilon 0.8336279971025263 - Mean Reward 162.9 - Mean Length 240.45 - Mean Loss 0.833 - Mean Q Value 10.768 - Time Delta 22.759 - Time 2024-03-07T20:17:30
Episode 2980 - Step 732445 - Epsilon 0.8326754963526322 - Mean Reward 158.7 - Mean Length 237.08 - Mean Loss 0.837 - Mean Q Value 10.814 - Time Delta 23.268 - Time 2024-03-07T20:17:53
Episode 3000 - Step 737599 - Epsilon 0.8316032847620651 - Mean Reward 147.75 - Mean Length 238.4 - Mean Loss 0.832 - Mean Q Value 10.865 - Time Delta 26.113 - Time 2024-03-07T20:18:20
Episode 3020 - Step 742105 - Epsilon 0.8306670109998249 - Mean Reward 144.1 - Mean Length 235.4 - Mean Loss 0.834 - Mean Q Value 10.935 - Time Delta 22.984 - Time 2024-03-07T20:18:42
Episode 3040 - Step 747157 - Epsilon 0.8296185406821068 - Mean Reward 151.0 - Mean Length 237.39 - Mean Loss 0.839 - Mean Q Value 11.01 - Time Delta 25.737 - Time 2024-03-07T20:19:08
Episode 3060 - Step 751847 - Epsilon 0.8286463828603944 - Mean Reward 160.2 - Mean Length 239.75 - Mean Loss 0.842 - Mean Q Value 11.118 - Time Delta 23.893 - Time 2024-03-07T20:19:32
Episode 3080 - Step 756150 - Epsilon 0.8277554457012813 - Mean Reward 159.65 - Mean Length 237.05 - Mean Loss 0.854 - Mean Q Value 11.22 - Time Delta 22.042 - Time 2024-03-07T20:19:54
Episode 3100 - Step 761372 - Epsilon 0.8266755159093292 - Mean Reward 166.15 - Mean Length 237.73 - Mean Loss 0.862 - Mean Q Value 11.308 - Time Delta 26.46 - Time 2024-03-07T20:20:21
Episode 3120 - Step 766314 - Epsilon 0.8256547888656651 - Mean Reward 177.05 - Mean Length 242.09 - Mean Loss 0.864 - Mean Q Value 11.353 - Time Delta 25.197 - Time 2024-03-07T20:20:46
Episode 3140 - Step 771011 - Epsilon 0.82468583261836 - Mean Reward 171.25 - Mean Length 238.54 - Mean Loss 0.854 - Mean Q Value 11.378 - Time Delta 23.89 - Time 2024-03-07T20:21:10
Episode 3160 - Step 775647 - Epsilon 0.8237305752973665 - Mean Reward 168.45 - Mean Length 238.0 - Mean Loss 0.853 - Mean Q Value 11.379 - Time Delta 23.698 - Time 2024-03-07T20:21:33
Episode 3180 - Step 780748 - Epsilon 0.8226807822664004 - Mean Reward 175.45 - Mean Length 245.98 - Mean Loss 0.851 - Mean Q Value 11.39 - Time Delta 25.941 - Time 2024-03-07T20:21:59
Episode 3200 - Step 785445 - Epsilon 0.821715316197203 - Mean Reward 172.9 - Mean Length 240.73 - Mean Loss 0.846 - Mean Q Value 11.388 - Time Delta 24.176 - Time 2024-03-07T20:22:24
Episode 3220 - Step 789796 - Epsilon 0.8208219812008711 - Mean Reward 163.25 - Mean Length 234.82 - Mean Loss 0.847 - Mean Q Value 11.419 - Time Delta 22.421 - Time 2024-03-07T20:22:46
Episode 3240 - Step 794514 - Epsilon 0.8198543923006891 - Mean Reward 159.85 - Mean Length 235.03 - Mean Loss 0.859 - Mean Q Value 11.453 - Time Delta 24.137 - Time 2024-03-07T20:23:10
Episode 3260 - Step 799581 - Epsilon 0.8188164991337323 - Mean Reward 163.85 - Mean Length 239.34 - Mean Loss 0.869 - Mean Q Value 11.474 - Time Delta 25.763 - Time 2024-03-07T20:23:36
Episode 3280 - Step 804434 - Epsilon 0.8178236722872863 - Mean Reward 165.3 - Mean Length 236.86 - Mean Loss 0.874 - Mean Q Value 11.462 - Time Delta 24.737 - Time 2024-03-07T20:24:01
Episode 3300 - Step 808768 - Epsilon 0.8169380401054149 - Mean Reward 158.35 - Mean Length 233.23 - Mean Loss 0.875 - Mean Q Value 11.472 - Time Delta 22.108 - Time 2024-03-07T20:24:23
Episode 3320 - Step 813177 - Epsilon 0.8160380661273646 - Mean Reward 156.4 - Mean Length 233.81 - Mean Loss 0.871 - Mean Q Value 11.481 - Time Delta 22.461 - Time 2024-03-07T20:24:45
Episode 3340 - Step 818133 - Epsilon 0.8150276209370428 - Mean Reward 159.8 - Mean Length 236.19 - Mean Loss 0.856 - Mean Q Value 11.479 - Time Delta 25.29 - Time 2024-03-07T20:25:10
Episode 3360 - Step 822818 - Epsilon 0.8140735785367771 - Mean Reward 154.45 - Mean Length 232.37 - Mean Loss 0.851 - Mean Q Value 11.485 - Time Delta 23.959 - Time 2024-03-07T20:25:34
Episode 3380 - Step 827463 - Epsilon 0.81312878415288 - Mean Reward 149.45 - Mean Length 230.29 - Mean Loss 0.843 - Mean Q Value 11.517 - Time Delta 23.786 - Time 2024-03-07T20:25:58
Episode 3400 - Step 831763 - Epsilon 0.8122551402683107 - Mean Reward 150.7 - Mean Length 229.95 - Mean Loss 0.842 - Mean Q Value 11.56 - Time Delta 22.129 - Time 2024-03-07T20:26:20
Episode 3420 - Step 836833 - Epsilon 0.8112262589405574 - Mean Reward 159.9 - Mean Length 236.56 - Mean Loss 0.846 - Mean Q Value 11.594 - Time Delta 25.865 - Time 2024-03-07T20:26:46
Episode 3440 - Step 841453 - Epsilon 0.8102898333841586 - Mean Reward 154.25 - Mean Length 233.2 - Mean Loss 0.864 - Mean Q Value 11.647 - Time Delta 23.626 - Time 2024-03-07T20:27:10
Episode 3460 - Step 846650 - Epsilon 0.8092377477955759 - Mean Reward 155.1 - Mean Length 238.32 - Mean Loss 0.866 - Mean Q Value 11.709 - Time Delta 26.497 - Time 2024-03-07T20:27:36
Episode 3480 - Step 851614 - Epsilon 0.8082341065131862 - Mean Reward 156.25 - Mean Length 241.51 - Mean Loss 0.869 - Mean Q Value 11.768 - Time Delta 25.45 - Time 2024-03-07T20:28:02
Episode 3500 - Step 856239 - Epsilon 0.8073001257723208 - Mean Reward 159.45 - Mean Length 244.76 - Mean Loss 0.872 - Mean Q Value 11.829 - Time Delta 23.673 - Time 2024-03-07T20:28:25
Episode 3520 - Step 861298 - Epsilon 0.8062797382141599 - Mean Reward 159.8 - Mean Length 244.65 - Mean Loss 0.863 - Mean Q Value 11.875 - Time Delta 25.658 - Time 2024-03-07T20:28:51
Episode 3540 - Step 866197 - Epsilon 0.805292851449429 - Mean Reward 166.25 - Mean Length 247.44 - Mean Loss 0.856 - Mean Q Value 11.896 - Time Delta 24.998 - Time 2024-03-07T20:29:16
Episode 3560 - Step 871345 - Epsilon 0.8042571060651226 - Mean Reward 174.3 - Mean Length 246.95 - Mean Loss 0.85 - Mean Q Value 11.92 - Time Delta 26.283 - Time 2024-03-07T20:29:42
Episode 3580 - Step 876507 - Epsilon 0.8032198815530112 - Mean Reward 174.75 - Mean Length 248.93 - Mean Loss 0.845 - Mean Q Value 11.902 - Time Delta 26.678 - Time 2024-03-07T20:30:09
Episode 3600 - Step 880879 - Epsilon 0.8023424417208936 - Mean Reward 174.05 - Mean Length 246.4 - Mean Loss 0.848 - Mean Q Value 11.875 - Time Delta 24.016 - Time 2024-03-07T20:30:33
Episode 3620 - Step 885654 - Epsilon 0.8013852167686197 - Mean Reward 168.5 - Mean Length 243.56 - Mean Loss 0.854 - Mean Q Value 11.859 - Time Delta 26.182 - Time 2024-03-07T20:30:59
Episode 3640 - Step 890082 - Epsilon 0.8004985740699826 - Mean Reward 164.75 - Mean Length 238.85 - Mean Loss 0.847 - Mean Q Value 11.839 - Time Delta 24.374 - Time 2024-03-07T20:31:24
Episode 3660 - Step 893945 - Epsilon 0.7997258656570103 - Mean Reward 145.5 - Mean Length 226.0 - Mean Loss 0.848 - Mean Q Value 11.81 - Time Delta 21.337 - Time 2024-03-07T20:31:45
Episode 3680 - Step 898765 - Epsilon 0.7987627762462733 - Mean Reward 148.05 - Mean Length 222.58 - Mean Loss 0.845 - Mean Q Value 11.806 - Time Delta 26.445 - Time 2024-03-07T20:32:11
Episode 3700 - Step 903441 - Epsilon 0.797829568010547 - Mean Reward 151.3 - Mean Length 225.62 - Mean Loss 0.839 - Mean Q Value 11.784 - Time Delta 25.632 - Time 2024-03-07T20:32:37
Episode 3720 - Step 908452 - Epsilon 0.7968307126828627 - Mean Reward 153.25 - Mean Length 227.98 - Mean Loss 0.829 - Mean Q Value 11.741 - Time Delta 27.42 - Time 2024-03-07T20:33:04
Episode 3740 - Step 913390 - Epsilon 0.7958476319764498 - Mean Reward 155.65 - Mean Length 233.08 - Mean Loss 0.83 - Mean Q Value 11.708 - Time Delta 26.998 - Time 2024-03-07T20:33:31
Episode 3760 - Step 918013 - Epsilon 0.794928362286056 - Mean Reward 172.95 - Mean Length 240.68 - Mean Loss 0.825 - Mean Q Value 11.696 - Time Delta 25.371 - Time 2024-03-07T20:33:57
Episode 3780 - Step 923287 - Epsilon 0.7938809397743395 - Mean Reward 176.75 - Mean Length 245.22 - Mean Loss 0.821 - Mean Q Value 11.657 - Time Delta 28.836 - Time 2024-03-07T20:34:26
Episode 3800 - Step 928213 - Epsilon 0.7929038770246081 - Mean Reward 181.0 - Mean Length 247.72 - Mean Loss 0.821 - Mean Q Value 11.624 - Time Delta 26.959 - Time 2024-03-07T20:34:53
Episode 3820 - Step 933847 - Epsilon 0.7917878579151214 - Mean Reward 189.75 - Mean Length 253.95 - Mean Loss 0.823 - Mean Q Value 11.621 - Time Delta 30.801 - Time 2024-03-07T20:35:23
Episode 3840 - Step 938556 - Epsilon 0.7908562740039823 - Mean Reward 187.9 - Mean Length 251.66 - Mean Loss 0.823 - Mean Q Value 11.609 - Time Delta 26.087 - Time 2024-03-07T20:35:49
Episode 3860 - Step 943424 - Epsilon 0.7898943872249728 - Mean Reward 186.4 - Mean Length 254.11 - Mean Loss 0.828 - Mean Q Value 11.567 - Time Delta 26.197 - Time 2024-03-07T20:36:16
Episode 3880 - Step 947950 - Epsilon 0.7890011270712797 - Mean Reward 176.35 - Mean Length 246.63 - Mean Loss 0.829 - Mean Q Value 11.552 - Time Delta 24.034 - Time 2024-03-07T20:36:40
Episode 3900 - Step 952529 - Epsilon 0.7880984346952268 - Mean Reward 169.55 - Mean Length 243.16 - Mean Loss 0.823 - Mean Q Value 11.522 - Time Delta 25.3 - Time 2024-03-07T20:37:05
Episode 3920 - Step 956954 - Epsilon 0.7872270827482133 - Mean Reward 159.35 - Mean Length 231.07 - Mean Loss 0.824 - Mean Q Value 11.477 - Time Delta 24.412 - Time 2024-03-07T20:37:29
Episode 3940 - Step 961987 - Epsilon 0.7862371770524904 - Mean Reward 166.2 - Mean Length 234.31 - Mean Loss 0.826 - Mean Q Value 11.435 - Time Delta 27.647 - Time 2024-03-07T20:37:57
Episode 3960 - Step 966771 - Epsilon 0.7852973993702087 - Mean Reward 162.5 - Mean Length 233.47 - Mean Loss 0.827 - Mean Q Value 11.423 - Time Delta 26.32 - Time 2024-03-07T20:38:23
Episode 3980 - Step 971151 - Epsilon 0.7844379692342165 - Mean Reward 162.85 - Mean Length 232.01 - Mean Loss 0.828 - Mean Q Value 11.415 - Time Delta 24.279 - Time 2024-03-07T20:38:48
Episode 4000 - Step 976597 - Epsilon 0.783370683525157 - Mean Reward 176.65 - Mean Length 240.68 - Mean Loss 0.829 - Mean Q Value 11.406 - Time Delta 29.88 - Time 2024-03-07T20:39:18
Episode 4020 - Step 981497 - Epsilon 0.7824116418507805 - Mean Reward 182.7 - Mean Length 245.43 - Mean Loss 0.83 - Mean Q Value 11.421 - Time Delta 26.982 - Time 2024-03-07T20:39:45
Episode 4040 - Step 985725 - Epsilon 0.7815850695623208 - Mean Reward 172.1 - Mean Length 237.38 - Mean Loss 0.831 - Mean Q Value 11.438 - Time Delta 23.479 - Time 2024-03-07T20:40:08
Episode 4060 - Step 990808 - Epsilon 0.780592500997783 - Mean Reward 177.15 - Mean Length 240.37 - Mean Loss 0.822 - Mean Q Value 11.466 - Time Delta 28.003 - Time 2024-03-07T20:40:36
Episode 4080 - Step 995634 - Epsilon 0.7796512839309114 - Mean Reward 181.2 - Mean Length 244.83 - Mean Loss 0.824 - Mean Q Value 11.499 - Time Delta 26.643 - Time 2024-03-07T20:41:03
TestNet saved to /var/scratch/tbt204/TransferLearning/checkpoints/2024-03-07T19-16-45/test_net_2.chkpt at step 1000000
Episode 4100 - Step 1001084 - Epsilon 0.7785897322700012 - Mean Reward 175.85 - Mean Length 244.87 - Mean Loss 0.827 - Mean Q Value 11.569 - Time Delta 30.097 - Time 2024-03-07T20:41:33
Episode 4120 - Step 1006711 - Epsilon 0.777495221059484 - Mean Reward 180.35 - Mean Length 252.14 - Mean Loss 0.833 - Mean Q Value 11.639 - Time Delta 30.934 - Time 2024-03-07T20:42:04
Episode 4140 - Step 1011477 - Epsilon 0.7765693870628672 - Mean Reward 186.85 - Mean Length 257.52 - Mean Loss 0.835 - Mean Q Value 11.689 - Time Delta 26.317 - Time 2024-03-07T20:42:30
Episode 4160 - Step 1016623 - Epsilon 0.7755709727891519 - Mean Reward 187.9 - Mean Length 258.15 - Mean Loss 0.844 - Mean Q Value 11.723 - Time Delta 28.292 - Time 2024-03-07T20:42:58
Episode 4180 - Step 1021543 - Epsilon 0.7746176068135883 - Mean Reward 188.75 - Mean Length 259.09 - Mean Loss 0.848 - Mean Q Value 11.747 - Time Delta 27.124 - Time 2024-03-07T20:43:25
Episode 4200 - Step 1026507 - Epsilon 0.7736569024836427 - Mean Reward 182.05 - Mean Length 254.23 - Mean Loss 0.854 - Mean Q Value 11.739 - Time Delta 27.34 - Time 2024-03-07T20:43:53
Episode 4220 - Step 1031338 - Epsilon 0.7727230822670044 - Mean Reward 174.1 - Mean Length 246.27 - Mean Loss 0.844 - Mean Q Value 11.692 - Time Delta 25.416 - Time 2024-03-07T20:44:18
Episode 4240 - Step 1035533 - Epsilon 0.7719131136346579 - Mean Reward 172.2 - Mean Length 240.56 - Mean Loss 0.839 - Mean Q Value 11.637 - Time Delta 21.745 - Time 2024-03-07T20:44:40
Episode 4260 - Step 1039991 - Epsilon 0.7710532955845218 - Mean Reward 163.8 - Mean Length 233.68 - Mean Loss 0.834 - Mean Q Value 11.582 - Time Delta 22.908 - Time 2024-03-07T20:45:03
Episode 4280 - Step 1044581 - Epsilon 0.770169019267748 - Mean Reward 161.0 - Mean Length 230.38 - Mean Loss 0.83 - Mean Q Value 11.504 - Time Delta 23.593 - Time 2024-03-07T20:45:26
Episode 4300 - Step 1049606 - Epsilon 0.7692021017884989 - Mean Reward 168.65 - Mean Length 230.99 - Mean Loss 0.825 - Mean Q Value 11.458 - Time Delta 25.934 - Time 2024-03-07T20:45:52
Episode 4320 - Step 1054660 - Epsilon 0.7682308285424311 - Mean Reward 171.2 - Mean Length 233.22 - Mean Loss 0.828 - Mean Q Value 11.392 - Time Delta 25.89 - Time 2024-03-07T20:46:18
Episode 4340 - Step 1059702 - Epsilon 0.7672630835113847 - Mean Reward 178.1 - Mean Length 241.69 - Mean Loss 0.825 - Mean Q Value 11.369 - Time Delta 25.813 - Time 2024-03-07T20:46:44
Episode 4360 - Step 1064181 - Epsilon 0.7664044213993404 - Mean Reward 181.2 - Mean Length 241.9 - Mean Loss 0.828 - Mean Q Value 11.333 - Time Delta 23.024 - Time 2024-03-07T20:47:07
Episode 4380 - Step 1069775 - Epsilon 0.7653333538005643 - Mean Reward 201.05 - Mean Length 251.94 - Mean Loss 0.825 - Mean Q Value 11.343 - Time Delta 28.445 - Time 2024-03-07T20:47:36
Episode 4400 - Step 1074528 - Epsilon 0.7644244864169485 - Mean Reward 199.0 - Mean Length 249.22 - Mean Loss 0.831 - Mean Q Value 11.314 - Time Delta 24.234 - Time 2024-03-07T20:48:00
Episode 4420 - Step 1079226 - Epsilon 0.763527196781845 - Mean Reward 196.6 - Mean Length 245.66 - Mean Loss 0.826 - Mean Q Value 11.338 - Time Delta 24.056 - Time 2024-03-07T20:48:24
Episode 4440 - Step 1084125 - Epsilon 0.7625926391471873 - Mean Reward 192.45 - Mean Length 244.23 - Mean Loss 0.836 - Mean Q Value 11.304 - Time Delta 25.175 - Time 2024-03-07T20:48:49
Episode 4460 - Step 1088862 - Epsilon 0.7616900732386553 - Mean Reward 193.25 - Mean Length 246.81 - Mean Loss 0.828 - Mean Q Value 11.271 - Time Delta 24.17 - Time 2024-03-07T20:49:13
Episode 4480 - Step 1092945 - Epsilon 0.7609129746783009 - Mean Reward 168.8 - Mean Length 231.7 - Mean Loss 0.833 - Mean Q Value 11.202 - Time Delta 20.984 - Time 2024-03-07T20:49:34
Episode 4500 - Step 1097439 - Epsilon 0.7600585688966535 - Mean Reward 163.1 - Mean Length 229.11 - Mean Loss 0.819 - Mean Q Value 11.129 - Time Delta 23.391 - Time 2024-03-07T20:49:58
Episode 4520 - Step 1102379 - Epsilon 0.7591204758383678 - Mean Reward 168.05 - Mean Length 231.53 - Mean Loss 0.816 - Mean Q Value 11.051 - Time Delta 25.395 - Time 2024-03-07T20:50:23
Episode 4540 - Step 1107492 - Epsilon 0.7581507498769217 - Mean Reward 169.4 - Mean Length 233.67 - Mean Loss 0.81 - Mean Q Value 11.062 - Time Delta 26.422 - Time 2024-03-07T20:50:49
Episode 4560 - Step 1112277 - Epsilon 0.7572443541749759 - Mean Reward 166.5 - Mean Length 234.15 - Mean Loss 0.816 - Mean Q Value 11.067 - Time Delta 24.635 - Time 2024-03-07T20:51:14
Episode 4580 - Step 1116863 - Epsilon 0.7563766709088108 - Mean Reward 177.05 - Mean Length 239.18 - Mean Loss 0.81 - Mean Q Value 11.071 - Time Delta 23.631 - Time 2024-03-07T20:51:38
Episode 4600 - Step 1121556 - Epsilon 0.755489772247342 - Mean Reward 178.2 - Mean Length 241.17 - Mean Loss 0.818 - Mean Q Value 11.122 - Time Delta 24.321 - Time 2024-03-07T20:52:02
Episode 4620 - Step 1126410 - Epsilon 0.7545735413296076 - Mean Reward 176.7 - Mean Length 240.31 - Mean Loss 0.825 - Mean Q Value 11.202 - Time Delta 26.759 - Time 2024-03-07T20:52:29
Episode 4640 - Step 1131040 - Epsilon 0.753700627642538 - Mean Reward 175.9 - Mean Length 235.48 - Mean Loss 0.831 - Mean Q Value 11.229 - Time Delta 25.56 - Time 2024-03-07T20:52:54
Episode 4660 - Step 1135657 - Epsilon 0.752831170466277 - Mean Reward 180.3 - Mean Length 233.8 - Mean Loss 0.834 - Mean Q Value 11.327 - Time Delta 25.556 - Time 2024-03-07T20:53:20
Episode 4680 - Step 1140655 - Epsilon 0.751891095235447 - Mean Reward 175.85 - Mean Length 237.92 - Mean Loss 0.838 - Mean Q Value 11.451 - Time Delta 27.468 - Time 2024-03-07T20:53:47
Episode 4700 - Step 1145320 - Epsilon 0.7510147132755188 - Mean Reward 175.3 - Mean Length 237.64 - Mean Loss 0.849 - Mean Q Value 11.563 - Time Delta 25.76 - Time 2024-03-07T20:54:13
Episode 4720 - Step 1150624 - Epsilon 0.7500195275951017 - Mean Reward 177.9 - Mean Length 242.14 - Mean Loss 0.852 - Mean Q Value 11.65 - Time Delta 29.211 - Time 2024-03-07T20:54:42
Episode 4740 - Step 1155238 - Epsilon 0.7491548787439188 - Mean Reward 177.35 - Mean Length 241.98 - Mean Loss 0.855 - Mean Q Value 11.773 - Time Delta 25.54 - Time 2024-03-07T20:55:08
Episode 4760 - Step 1159988 - Epsilon 0.74826578521791 - Mean Reward 177.9 - Mean Length 243.31 - Mean Loss 0.86 - Mean Q Value 11.818 - Time Delta 26.213 - Time 2024-03-07T20:55:34
Episode 4780 - Step 1164825 - Epsilon 0.7473614915727118 - Mean Reward 178.85 - Mean Length 241.7 - Mean Loss 0.868 - Mean Q Value 11.866 - Time Delta 26.806 - Time 2024-03-07T20:56:01
Episode 4800 - Step 1170174 - Epsilon 0.746362750225391 - Mean Reward 190.25 - Mean Length 248.54 - Mean Loss 0.856 - Mean Q Value 11.877 - Time Delta 28.375 - Time 2024-03-07T20:56:29
Episode 4820 - Step 1174543 - Epsilon 0.7455479804566368 - Mean Reward 182.55 - Mean Length 239.19 - Mean Loss 0.863 - Mean Q Value 11.901 - Time Delta 22.538 - Time 2024-03-07T20:56:52
Episode 4840 - Step 1179589 - Epsilon 0.7446080645382818 - Mean Reward 191.35 - Mean Length 243.51 - Mean Loss 0.863 - Mean Q Value 11.892 - Time Delta 25.949 - Time 2024-03-07T20:57:18
Episode 4860 - Step 1184012 - Epsilon 0.7437851691100905 - Mean Reward 186.55 - Mean Length 240.24 - Mean Loss 0.857 - Mean Q Value 11.898 - Time Delta 22.868 - Time 2024-03-07T20:57:41
Episode 4880 - Step 1188883 - Epsilon 0.7428799758685242 - Mean Reward 188.6 - Mean Length 240.58 - Mean Loss 0.852 - Mean Q Value 11.904 - Time Delta 25.123 - Time 2024-03-07T20:58:06
Episode 4900 - Step 1194088 - Epsilon 0.7419139318477376 - Mean Reward 184.15 - Mean Length 239.14 - Mean Loss 0.858 - Mean Q Value 11.93 - Time Delta 26.664 - Time 2024-03-07T20:58:32
Episode 4920 - Step 1199108 - Epsilon 0.740983413769053 - Mean Reward 196.0 - Mean Length 245.65 - Mean Loss 0.849 - Mean Q Value 11.933 - Time Delta 25.661 - Time 2024-03-07T20:58:58
Episode 4940 - Step 1203396 - Epsilon 0.7401895050612382 - Mean Reward 182.95 - Mean Length 238.07 - Mean Loss 0.848 - Mean Q Value 11.968 - Time Delta 22.043 - Time 2024-03-07T20:59:20
Episode 4960 - Step 1208032 - Epsilon 0.7393321222668823 - Mean Reward 184.5 - Mean Length 240.2 - Mean Loss 0.853 - Mean Q Value 11.963 - Time Delta 23.797 - Time 2024-03-07T20:59:44
Episode 4980 - Step 1212455 - Epsilon 0.7385150574883802 - Mean Reward 183.35 - Mean Length 235.72 - Mean Loss 0.851 - Mean Q Value 11.937 - Time Delta 22.761 - Time 2024-03-07T21:00:07
Episode 5000 - Step 1216555 - Epsilon 0.7377584672785003 - Mean Reward 170.6 - Mean Length 224.67 - Mean Loss 0.847 - Mean Q Value 11.904 - Time Delta 21.187 - Time 2024-03-07T21:00:28
Episode 5020 - Step 1221389 - Epsilon 0.7368674245802797 - Mean Reward 171.6 - Mean Length 222.81 - Mean Loss 0.848 - Mean Q Value 11.872 - Time Delta 24.846 - Time 2024-03-07T21:00:53
Episode 5040 - Step 1226459 - Epsilon 0.7359340366623748 - Mean Reward 179.1 - Mean Length 230.63 - Mean Loss 0.84 - Mean Q Value 11.789 - Time Delta 25.945 - Time 2024-03-07T21:01:19
Episode 5060 - Step 1231237 - Epsilon 0.7350554881631951 - Mean Reward 182.8 - Mean Length 232.05 - Mean Loss 0.833 - Mean Q Value 11.758 - Time Delta 24.627 - Time 2024-03-07T21:01:43
Episode 5080 - Step 1235763 - Epsilon 0.7342242431398763 - Mean Reward 181.1 - Mean Length 233.08 - Mean Loss 0.835 - Mean Q Value 11.689 - Time Delta 23.505 - Time 2024-03-07T21:02:07
Episode 5100 - Step 1240543 - Epsilon 0.7333473690961854 - Mean Reward 189.45 - Mean Length 239.88 - Mean Loss 0.831 - Mean Q Value 11.645 - Time Delta 24.82 - Time 2024-03-07T21:02:32
Episode 5120 - Step 1245052 - Epsilon 0.732521168925539 - Mean Reward 176.8 - Mean Length 236.63 - Mean Loss 0.829 - Mean Q Value 11.55 - Time Delta 23.34 - Time 2024-03-07T21:02:55
Episode 5140 - Step 1249659 - Epsilon 0.7316779732322385 - Mean Reward 174.6 - Mean Length 232.0 - Mean Loss 0.824 - Mean Q Value 11.474 - Time Delta 23.705 - Time 2024-03-07T21:03:19
Episode 5160 - Step 1254589 - Epsilon 0.7307767355192756 - Mean Reward 175.8 - Mean Length 233.52 - Mean Loss 0.827 - Mean Q Value 11.417 - Time Delta 25.302 - Time 2024-03-07T21:03:44
Episode 5180 - Step 1259531 - Epsilon 0.7298744182708835 - Mean Reward 184.8 - Mean Length 237.68 - Mean Loss 0.824 - Mean Q Value 11.396 - Time Delta 25.534 - Time 2024-03-07T21:04:09
Episode 5200 - Step 1264188 - Epsilon 0.7290251563456618 - Mean Reward 182.85 - Mean Length 236.45 - Mean Loss 0.838 - Mean Q Value 11.378 - Time Delta 24.042 - Time 2024-03-07T21:04:33
Episode 5220 - Step 1268366 - Epsilon 0.7282640870122709 - Mean Reward 179.35 - Mean Length 233.14 - Mean Loss 0.832 - Mean Q Value 11.42 - Time Delta 21.611 - Time 2024-03-07T21:04:55
Episode 5240 - Step 1272349 - Epsilon 0.7275392788806618 - Mean Reward 168.75 - Mean Length 226.9 - Mean Loss 0.841 - Mean Q Value 11.466 - Time Delta 20.642 - Time 2024-03-07T21:05:16
Episode 5260 - Step 1276945 - Epsilon 0.7267038162098982 - Mean Reward 167.25 - Mean Length 223.56 - Mean Loss 0.841 - Mean Q Value 11.473 - Time Delta 23.693 - Time 2024-03-07T21:05:39
Episode 5280 - Step 1281129 - Epsilon 0.7259440813336822 - Mean Reward 154.25 - Mean Length 215.98 - Mean Loss 0.839 - Mean Q Value 11.498 - Time Delta 21.751 - Time 2024-03-07T21:06:01
Episode 5300 - Step 1285990 - Epsilon 0.725062413510427 - Mean Reward 157.45 - Mean Length 218.02 - Mean Loss 0.829 - Mean Q Value 11.493 - Time Delta 25.479 - Time 2024-03-07T21:06:27
Episode 5320 - Step 1291185 - Epsilon 0.7241213498186277 - Mean Reward 169.75 - Mean Length 228.19 - Mean Loss 0.832 - Mean Q Value 11.469 - Time Delta 26.913 - Time 2024-03-07T21:06:54
Episode 5340 - Step 1296602 - Epsilon 0.7231413720752045 - Mean Reward 192.0 - Mean Length 242.53 - Mean Loss 0.832 - Mean Q Value 11.447 - Time Delta 27.903 - Time 2024-03-07T21:07:21
Episode 5360 - Step 1301134 - Epsilon 0.7223225167673031 - Mean Reward 190.45 - Mean Length 241.89 - Mean Loss 0.83 - Mean Q Value 11.418 - Time Delta 23.454 - Time 2024-03-07T21:07:45
Episode 5380 - Step 1305930 - Epsilon 0.7214569709597897 - Mean Reward 199.1 - Mean Length 248.01 - Mean Loss 0.828 - Mean Q Value 11.403 - Time Delta 24.615 - Time 2024-03-07T21:08:10
Episode 5400 - Step 1311088 - Epsilon 0.7205272516447438 - Mean Reward 203.2 - Mean Length 250.98 - Mean Loss 0.828 - Mean Q Value 11.407 - Time Delta 26.409 - Time 2024-03-07T21:08:36
Episode 5420 - Step 1315669 - Epsilon 0.7197025400472125 - Mean Reward 195.3 - Mean Length 244.84 - Mean Loss 0.83 - Mean Q Value 11.451 - Time Delta 23.624 - Time 2024-03-07T21:09:00
Episode 5440 - Step 1320571 - Epsilon 0.7188210846961622 - Mean Reward 188.0 - Mean Length 239.69 - Mean Loss 0.828 - Mean Q Value 11.49 - Time Delta 25.058 - Time 2024-03-07T21:09:25
Episode 5460 - Step 1325694 - Epsilon 0.7179010437737728 - Mean Reward 196.0 - Mean Length 245.6 - Mean Loss 0.828 - Mean Q Value 11.55 - Time Delta 26.184 - Time 2024-03-07T21:09:51
Episode 5480 - Step 1329911 - Epsilon 0.7171445953166672 - Mean Reward 189.65 - Mean Length 239.81 - Mean Loss 0.829 - Mean Q Value 11.578 - Time Delta 21.72 - Time 2024-03-07T21:10:13
Episode 5500 - Step 1334768 - Epsilon 0.7162743308491405 - Mean Reward 186.05 - Mean Length 236.8 - Mean Loss 0.838 - Mean Q Value 11.66 - Time Delta 24.927 - Time 2024-03-07T21:10:37
Episode 5520 - Step 1339089 - Epsilon 0.7155009931806805 - Mean Reward 183.55 - Mean Length 234.2 - Mean Loss 0.838 - Mean Q Value 11.694 - Time Delta 22.3 - Time 2024-03-07T21:11:00
Episode 5540 - Step 1343411 - Epsilon 0.7147283117771589 - Mean Reward 175.0 - Mean Length 228.4 - Mean Loss 0.836 - Mean Q Value 11.697 - Time Delta 22.273 - Time 2024-03-07T21:11:22
Episode 5560 - Step 1347950 - Epsilon 0.7139177337126457 - Mean Reward 170.3 - Mean Length 222.56 - Mean Loss 0.829 - Mean Q Value 11.681 - Time Delta 24.056 - Time 2024-03-07T21:11:46
Episode 5580 - Step 1352742 - Epsilon 0.7130629722650295 - Mean Reward 175.25 - Mean Length 228.31 - Mean Loss 0.84 - Mean Q Value 11.704 - Time Delta 26.545 - Time 2024-03-07T21:12:13
Episode 5600 - Step 1357395 - Epsilon 0.7122339839126332 - Mean Reward 175.15 - Mean Length 226.27 - Mean Loss 0.828 - Mean Q Value 11.665 - Time Delta 25.713 - Time 2024-03-07T21:12:38
Episode 5620 - Step 1361609 - Epsilon 0.7114840404188304 - Mean Reward 171.55 - Mean Length 225.2 - Mean Loss 0.825 - Mean Q Value 11.624 - Time Delta 23.36 - Time 2024-03-07T21:13:02
Episode 5640 - Step 1366404 - Epsilon 0.7106316598164094 - Mean Reward 181.75 - Mean Length 229.93 - Mean Loss 0.823 - Mean Q Value 11.602 - Time Delta 26.599 - Time 2024-03-07T21:13:28
Episode 5660 - Step 1370681 - Epsilon 0.7098722229054294 - Mean Reward 175.75 - Mean Length 227.31 - Mean Loss 0.826 - Mean Q Value 11.602 - Time Delta 23.732 - Time 2024-03-07T21:13:52
Episode 5680 - Step 1374363 - Epsilon 0.7092190860948466 - Mean Reward 162.75 - Mean Length 216.21 - Mean Loss 0.82 - Mean Q Value 11.581 - Time Delta 20.673 - Time 2024-03-07T21:14:13
Episode 5700 - Step 1379230 - Epsilon 0.7083566684436515 - Mean Reward 167.0 - Mean Length 218.35 - Mean Loss 0.819 - Mean Q Value 11.551 - Time Delta 26.876 - Time 2024-03-07T21:14:40
Episode 5720 - Step 1384257 - Epsilon 0.707467000251599 - Mean Reward 180.85 - Mean Length 226.48 - Mean Loss 0.824 - Mean Q Value 11.553 - Time Delta 27.741 - Time 2024-03-07T21:15:07
Episode 5740 - Step 1389718 - Epsilon 0.7065017898354051 - Mean Reward 183.05 - Mean Length 233.14 - Mean Loss 0.829 - Mean Q Value 11.562 - Time Delta 30.029 - Time 2024-03-07T21:15:37
Episode 5760 - Step 1394513 - Epsilon 0.7056553781282959 - Mean Reward 191.85 - Mean Length 238.32 - Mean Loss 0.831 - Mean Q Value 11.589 - Time Delta 26.608 - Time 2024-03-07T21:16:04
Episode 5780 - Step 1399578 - Epsilon 0.7047624073754156 - Mean Reward 211.9 - Mean Length 252.15 - Mean Loss 0.83 - Mean Q Value 11.62 - Time Delta 27.935 - Time 2024-03-07T21:16:32
Episode 5800 - Step 1404428 - Epsilon 0.7039084006957802 - Mean Reward 210.3 - Mean Length 251.98 - Mean Loss 0.835 - Mean Q Value 11.699 - Time Delta 26.926 - Time 2024-03-07T21:16:59
Episode 5820 - Step 1409392 - Epsilon 0.7030353920751548 - Mean Reward 210.1 - Mean Length 251.35 - Mean Loss 0.836 - Mean Q Value 11.795 - Time Delta 27.573 - Time 2024-03-07T21:17:26
Episode 5840 - Step 1415126 - Epsilon 0.7020283127111803 - Mean Reward 215.9 - Mean Length 254.08 - Mean Loss 0.841 - Mean Q Value 11.902 - Time Delta 31.733 - Time 2024-03-07T21:17:58
Episode 5860 - Step 1420149 - Epsilon 0.7011472938327459 - Mean Reward 218.05 - Mean Length 256.36 - Mean Loss 0.848 - Mean Q Value 11.989 - Time Delta 27.776 - Time 2024-03-07T21:18:26
Episode 5880 - Step 1425343 - Epsilon 0.7002374448051689 - Mean Reward 214.75 - Mean Length 257.65 - Mean Loss 0.852 - Mean Q Value 12.042 - Time Delta 28.825 - Time 2024-03-07T21:18:55
Episode 5900 - Step 1430013 - Epsilon 0.6994203945320148 - Mean Reward 207.85 - Mean Length 255.85 - Mean Loss 0.855 - Mean Q Value 12.061 - Time Delta 25.859 - Time 2024-03-07T21:19:21
Episode 5920 - Step 1434868 - Epsilon 0.6985719879029105 - Mean Reward 206.25 - Mean Length 254.76 - Mean Loss 0.864 - Mean Q Value 12.086 - Time Delta 26.8 - Time 2024-03-07T21:19:47
Episode 5940 - Step 1439290 - Epsilon 0.6978001431894645 - Mean Reward 189.9 - Mean Length 241.64 - Mean Loss 0.862 - Mean Q Value 12.1 - Time Delta 23.793 - Time 2024-03-07T21:20:11
Episode 5960 - Step 1444854 - Epsilon 0.6968301778362077 - Mean Reward 194.45 - Mean Length 247.05 - Mean Loss 0.864 - Mean Q Value 12.106 - Time Delta 28.712 - Time 2024-03-07T21:20:40
Episode 5980 - Step 1449549 - Epsilon 0.6960127531326497 - Mean Reward 191.05 - Mean Length 242.06 - Mean Loss 0.858 - Mean Q Value 12.123 - Time Delta 24.38 - Time 2024-03-07T21:21:04
Episode 6000 - Step 1454480 - Epsilon 0.6951552719424804 - Mean Reward 197.6 - Mean Length 244.67 - Mean Loss 0.863 - Mean Q Value 12.147 - Time Delta 25.431 - Time 2024-03-07T21:21:30
Episode 6020 - Step 1458422 - Epsilon 0.6944705337964353 - Mean Reward 184.95 - Mean Length 235.54 - Mean Loss 0.853 - Mean Q Value 12.116 - Time Delta 20.566 - Time 2024-03-07T21:21:50
Episode 6040 - Step 1462955 - Epsilon 0.6936839707360541 - Mean Reward 184.4 - Mean Length 236.65 - Mean Loss 0.853 - Mean Q Value 12.071 - Time Delta 23.447 - Time 2024-03-07T21:22:14
Episode 6060 - Step 1467400 - Epsilon 0.6929135424756467 - Mean Reward 170.75 - Mean Length 225.46 - Mean Loss 0.852 - Mean Q Value 12.025 - Time Delta 22.894 - Time 2024-03-07T21:22:37
Episode 6080 - Step 1472734 - Epsilon 0.6919901579546623 - Mean Reward 179.5 - Mean Length 231.85 - Mean Loss 0.852 - Mean Q Value 11.997 - Time Delta 27.323 - Time 2024-03-07T21:23:04
Episode 6100 - Step 1477000 - Epsilon 0.6912525437615826 - Mean Reward 168.6 - Mean Length 225.2 - Mean Loss 0.846 - Mean Q Value 12.005 - Time Delta 22.028 - Time 2024-03-07T21:23:26
Episode 6120 - Step 1481950 - Epsilon 0.690397647707729 - Mean Reward 181.6 - Mean Length 235.28 - Mean Loss 0.849 - Mean Q Value 12.046 - Time Delta 25.557 - Time 2024-03-07T21:23:52
Episode 6140 - Step 1486459 - Epsilon 0.6896198353388726 - Mean Reward 184.4 - Mean Length 235.04 - Mean Loss 0.851 - Mean Q Value 12.095 - Time Delta 23.61 - Time 2024-03-07T21:24:15
Episode 6160 - Step 1491188 - Epsilon 0.6888050139427843 - Mean Reward 186.65 - Mean Length 237.88 - Mean Loss 0.843 - Mean Q Value 12.15 - Time Delta 24.464 - Time 2024-03-07T21:24:40
Episode 6180 - Step 1495809 - Epsilon 0.6880097313144818 - Mean Reward 178.75 - Mean Length 230.75 - Mean Loss 0.847 - Mean Q Value 12.208 - Time Delta 23.974 - Time 2024-03-07T21:25:04
TestNet saved to /var/scratch/tbt204/TransferLearning/checkpoints/2024-03-07T19-16-45/test_net_3.chkpt at step 1500000
Episode 6200 - Step 1500680 - Epsilon 0.6871724172824493 - Mean Reward 193.55 - Mean Length 236.8 - Mean Loss 0.843 - Mean Q Value 12.211 - Time Delta 25.236 - Time 2024-03-07T21:25:29
Episode 6220 - Step 1505534 - Epsilon 0.6863390392042057 - Mean Reward 192.0 - Mean Length 235.84 - Mean Loss 0.842 - Mean Q Value 12.207 - Time Delta 24.994 - Time 2024-03-07T21:25:54
Episode 6240 - Step 1510297 - Epsilon 0.6855222672731618 - Mean Reward 194.5 - Mean Length 238.38 - Mean Loss 0.831 - Mean Q Value 12.231 - Time Delta 25.031 - Time 2024-03-07T21:26:19
Episode 6260 - Step 1514951 - Epsilon 0.684725125842387 - Mean Reward 192.75 - Mean Length 237.63 - Mean Loss 0.843 - Mean Q Value 12.259 - Time Delta 24.238 - Time 2024-03-07T21:26:43
Episode 6280 - Step 1519960 - Epsilon 0.6838682153413822 - Mean Reward 194.95 - Mean Length 241.51 - Mean Loss 0.844 - Mean Q Value 12.279 - Time Delta 25.861 - Time 2024-03-07T21:27:09
Episode 6300 - Step 1524575 - Epsilon 0.6830796572761595 - Mean Reward 186.7 - Mean Length 238.95 - Mean Loss 0.852 - Mean Q Value 12.327 - Time Delta 23.885 - Time 2024-03-07T21:27:33
Episode 6320 - Step 1529727 - Epsilon 0.682200416919898 - Mean Reward 194.85 - Mean Length 241.93 - Mean Loss 0.851 - Mean Q Value 12.352 - Time Delta 26.629 - Time 2024-03-07T21:27:59
Episode 6340 - Step 1534201 - Epsilon 0.6814378022299035 - Mean Reward 191.8 - Mean Length 239.04 - Mean Loss 0.862 - Mean Q Value 12.373 - Time Delta 23.446 - Time 2024-03-07T21:28:23
Episode 6360 - Step 1538936 - Epsilon 0.6806316273795087 - Mean Reward 197.1 - Mean Length 239.85 - Mean Loss 0.859 - Mean Q Value 12.382 - Time Delta 24.515 - Time 2024-03-07T21:28:47
Episode 6380 - Step 1543972 - Epsilon 0.6797752512553558 - Mean Reward 199.35 - Mean Length 240.12 - Mean Loss 0.864 - Mean Q Value 12.401 - Time Delta 26.099 - Time 2024-03-07T21:29:13
Episode 6400 - Step 1547994 - Epsilon 0.6790920806762935 - Mean Reward 194.35 - Mean Length 234.19 - Mean Loss 0.852 - Mean Q Value 12.372 - Time Delta 20.916 - Time 2024-03-07T21:29:34
Episode 6420 - Step 1552589 - Epsilon 0.6783124214535555 - Mean Reward 187.5 - Mean Length 228.62 - Mean Loss 0.853 - Mean Q Value 12.38 - Time Delta 23.883 - Time 2024-03-07T21:29:58
Episode 6440 - Step 1556773 - Epsilon 0.6776032775189081 - Mean Reward 182.9 - Mean Length 225.72 - Mean Loss 0.843 - Mean Q Value 12.379 - Time Delta 22.042 - Time 2024-03-07T21:30:20
Episode 6460 - Step 1561281 - Epsilon 0.6768400486898624 - Mean Reward 176.7 - Mean Length 223.45 - Mean Loss 0.838 - Mean Q Value 12.372 - Time Delta 23.601 - Time 2024-03-07T21:30:44
Episode 6480 - Step 1566109 - Epsilon 0.6760235954775566 - Mean Reward 175.8 - Mean Length 221.37 - Mean Loss 0.831 - Mean Q Value 12.389 - Time Delta 25.069 - Time 2024-03-07T21:31:09
Episode 6500 - Step 1570902 - Epsilon 0.6752140352276165 - Mean Reward 183.3 - Mean Length 229.08 - Mean Loss 0.837 - Mean Q Value 12.432 - Time Delta 24.909 - Time 2024-03-07T21:31:34
Episode 6520 - Step 1575344 - Epsilon 0.6744646261341332 - Mean Reward 178.25 - Mean Length 227.55 - Mean Loss 0.836 - Mean Q Value 12.453 - Time Delta 23.133 - Time 2024-03-07T21:31:57
Episode 6540 - Step 1580348 - Epsilon 0.6736213983302768 - Mean Reward 191.3 - Mean Length 235.75 - Mean Loss 0.841 - Mean Q Value 12.471 - Time Delta 26.151 - Time 2024-03-07T21:32:23
Episode 6560 - Step 1584625 - Epsilon 0.672901513497046 - Mean Reward 188.7 - Mean Length 233.44 - Mean Loss 0.846 - Mean Q Value 12.487 - Time Delta 22.343 - Time 2024-03-07T21:32:46
Episode 6580 - Step 1589100 - Epsilon 0.672149125780022 - Mean Reward 187.35 - Mean Length 229.91 - Mean Loss 0.842 - Mean Q Value 12.474 - Time Delta 23.225 - Time 2024-03-07T21:33:09
Episode 6600 - Step 1592901 - Epsilon 0.6715107193642458 - Mean Reward 173.6 - Mean Length 219.99 - Mean Loss 0.838 - Mean Q Value 12.433 - Time Delta 19.91 - Time 2024-03-07T21:33:29
Episode 6620 - Step 1597803 - Epsilon 0.6706882869231566 - Mean Reward 177.8 - Mean Length 224.59 - Mean Loss 0.834 - Mean Q Value 12.378 - Time Delta 25.409 - Time 2024-03-07T21:33:54
Episode 6640 - Step 1602572 - Epsilon 0.6698891352020484 - Mean Reward 173.45 - Mean Length 222.24 - Mean Loss 0.831 - Mean Q Value 12.323 - Time Delta 24.773 - Time 2024-03-07T21:34:19
Episode 6660 - Step 1607421 - Epsilon 0.6690775540153752 - Mean Reward 182.2 - Mean Length 227.96 - Mean Loss 0.824 - Mean Q Value 12.284 - Time Delta 25.244 - Time 2024-03-07T21:34:44
Episode 6680 - Step 1611909 - Epsilon 0.6683272698939821 - Mean Reward 174.85 - Mean Length 228.09 - Mean Loss 0.819 - Mean Q Value 12.251 - Time Delta 23.508 - Time 2024-03-07T21:35:08
Episode 6700 - Step 1616817 - Epsilon 0.6675077351186695 - Mean Reward 192.1 - Mean Length 239.16 - Mean Loss 0.821 - Mean Q Value 12.271 - Time Delta 25.525 - Time 2024-03-07T21:35:33
Episode 6720 - Step 1621103 - Epsilon 0.6667928835411592 - Mean Reward 183.25 - Mean Length 233.0 - Mean Loss 0.815 - Mean Q Value 12.301 - Time Delta 22.411 - Time 2024-03-07T21:35:56
Episode 6740 - Step 1625915 - Epsilon 0.6659912139029098 - Mean Reward 184.45 - Mean Length 233.43 - Mean Loss 0.819 - Mean Q Value 12.362 - Time Delta 25.053 - Time 2024-03-07T21:36:21
Episode 6760 - Step 1630747 - Epsilon 0.6651871821488535 - Mean Reward 185.15 - Mean Length 233.26 - Mean Loss 0.815 - Mean Q Value 12.417 - Time Delta 25.111 - Time 2024-03-07T21:36:46
Episode 6780 - Step 1635419 - Epsilon 0.6644106969785486 - Mean Reward 188.1 - Mean Length 235.1 - Mean Loss 0.817 - Mean Q Value 12.449 - Time Delta 24.405 - Time 2024-03-07T21:37:10
Episode 6800 - Step 1640537 - Epsilon 0.6635611270137409 - Mean Reward 192.5 - Mean Length 237.2 - Mean Loss 0.816 - Mean Q Value 12.471 - Time Delta 26.561 - Time 2024-03-07T21:37:37
Episode 6820 - Step 1645262 - Epsilon 0.6627777581027746 - Mean Reward 205.75 - Mean Length 241.59 - Mean Loss 0.823 - Mean Q Value 12.499 - Time Delta 24.579 - Time 2024-03-07T21:38:01
Episode 6840 - Step 1649950 - Epsilon 0.6620014374858699 - Mean Reward 201.9 - Mean Length 240.35 - Mean Loss 0.814 - Mean Q Value 12.487 - Time Delta 24.479 - Time 2024-03-07T21:38:26
Episode 6860 - Step 1655260 - Epsilon 0.6611232135178378 - Mean Reward 206.25 - Mean Length 245.13 - Mean Loss 0.818 - Mean Q Value 12.482 - Time Delta 27.552 - Time 2024-03-07T21:38:53
Episode 6880 - Step 1660479 - Epsilon 0.6602611753915409 - Mean Reward 218.3 - Mean Length 250.6 - Mean Loss 0.816 - Mean Q Value 12.501 - Time Delta 27.049 - Time 2024-03-07T21:39:20
Episode 6900 - Step 1664550 - Epsilon 0.6595895363345369 - Mean Reward 203.75 - Mean Length 240.13 - Mean Loss 0.821 - Mean Q Value 12.518 - Time Delta 21.403 - Time 2024-03-07T21:39:42
Episode 6920 - Step 1669303 - Epsilon 0.6588062444354298 - Mean Reward 199.85 - Mean Length 240.41 - Mean Loss 0.819 - Mean Q Value 12.522 - Time Delta 24.735 - Time 2024-03-07T21:40:06
Episode 6940 - Step 1673952 - Epsilon 0.6580409915757828 - Mean Reward 203.15 - Mean Length 240.02 - Mean Loss 0.827 - Mean Q Value 12.56 - Time Delta 24.22 - Time 2024-03-07T21:40:31
Episode 6960 - Step 1678806 - Epsilon 0.6572429430465142 - Mean Reward 200.85 - Mean Length 235.46 - Mean Loss 0.834 - Mean Q Value 12.596 - Time Delta 25.236 - Time 2024-03-07T21:40:56
Episode 6980 - Step 1683279 - Epsilon 0.6565083918160322 - Mean Reward 188.65 - Mean Length 228.0 - Mean Loss 0.837 - Mean Q Value 12.578 - Time Delta 23.341 - Time 2024-03-07T21:41:19
Episode 7000 - Step 1687811 - Epsilon 0.6557649889323337 - Mean Reward 192.5 - Mean Length 232.61 - Mean Loss 0.829 - Mean Q Value 12.539 - Time Delta 23.581 - Time 2024-03-07T21:41:43
Episode 7020 - Step 1692484 - Epsilon 0.6549993387107184 - Mean Reward 190.5 - Mean Length 231.81 - Mean Loss 0.832 - Mean Q Value 12.519 - Time Delta 24.502 - Time 2024-03-07T21:42:07
Episode 7040 - Step 1697403 - Epsilon 0.6541943482431645 - Mean Reward 190.0 - Mean Length 234.51 - Mean Loss 0.823 - Mean Q Value 12.48 - Time Delta 25.733 - Time 2024-03-07T21:42:33
Episode 7060 - Step 1702058 - Epsilon 0.6534334722957419 - Mean Reward 189.4 - Mean Length 232.52 - Mean Loss 0.816 - Mean Q Value 12.448 - Time Delta 24.301 - Time 2024-03-07T21:42:57
Episode 7080 - Step 1706854 - Epsilon 0.6526504749651774 - Mean Reward 194.0 - Mean Length 235.75 - Mean Loss 0.811 - Mean Q Value 12.445 - Time Delta 25.105 - Time 2024-03-07T21:43:22
Episode 7100 - Step 1712065 - Epsilon 0.6518007880375755 - Mean Reward 202.35 - Mean Length 242.54 - Mean Loss 0.81 - Mean Q Value 12.47 - Time Delta 27.106 - Time 2024-03-07T21:43:50
Episode 7120 - Step 1716812 - Epsilon 0.6510277221643227 - Mean Reward 207.65 - Mean Length 243.28 - Mean Loss 0.799 - Mean Q Value 12.473 - Time Delta 24.78 - Time 2024-03-07T21:44:14
Episode 7140 - Step 1722256 - Epsilon 0.6501422760064433 - Mean Reward 211.55 - Mean Length 248.53 - Mean Loss 0.802 - Mean Q Value 12.468 - Time Delta 28.317 - Time 2024-03-07T21:44:43
Episode 7160 - Step 1726406 - Epsilon 0.6494681030983893 - Mean Reward 204.9 - Mean Length 243.48 - Mean Loss 0.791 - Mean Q Value 12.446 - Time Delta 21.798 - Time 2024-03-07T21:45:04
Episode 7180 - Step 1731708 - Epsilon 0.6486078033097203 - Mean Reward 212.8 - Mean Length 248.54 - Mean Loss 0.793 - Mean Q Value 12.428 - Time Delta 27.692 - Time 2024-03-07T21:45:32
Episode 7200 - Step 1736392 - Epsilon 0.6478487280023864 - Mean Reward 209.5 - Mean Length 243.27 - Mean Loss 0.795 - Mean Q Value 12.408 - Time Delta 24.469 - Time 2024-03-07T21:45:57
Episode 7220 - Step 1741280 - Epsilon 0.6470575402719165 - Mean Reward 205.4 - Mean Length 244.68 - Mean Loss 0.799 - Mean Q Value 12.386 - Time Delta 25.588 - Time 2024-03-07T21:46:22
Episode 7240 - Step 1746880 - Epsilon 0.6461522934229006 - Mean Reward 212.2 - Mean Length 246.24 - Mean Loss 0.795 - Mean Q Value 12.348 - Time Delta 29.141 - Time 2024-03-07T21:46:51
Episode 7260 - Step 1751120 - Epsilon 0.6454677347863823 - Mean Reward 209.8 - Mean Length 247.14 - Mean Loss 0.798 - Mean Q Value 12.319 - Time Delta 22.262 - Time 2024-03-07T21:47:14
Episode 7280 - Step 1755558 - Epsilon 0.6447519853804765 - Mean Reward 194.3 - Mean Length 238.5 - Mean Loss 0.802 - Mean Q Value 12.306 - Time Delta 23.287 - Time 2024-03-07T21:47:37
Episode 7300 - Step 1760142 - Epsilon 0.6440135227327367 - Mean Reward 194.45 - Mean Length 237.5 - Mean Loss 0.789 - Mean Q Value 12.258 - Time Delta 24.158 - Time 2024-03-07T21:48:01
Episode 7320 - Step 1764885 - Epsilon 0.643250336166309 - Mean Reward 193.8 - Mean Length 236.05 - Mean Loss 0.784 - Mean Q Value 12.209 - Time Delta 26.589 - Time 2024-03-07T21:48:28
Episode 7340 - Step 1769796 - Epsilon 0.6424610700771741 - Mean Reward 184.65 - Mean Length 229.16 - Mean Loss 0.783 - Mean Q Value 12.193 - Time Delta 27.637 - Time 2024-03-07T21:48:55
Episode 7360 - Step 1774405 - Epsilon 0.6417212205442607 - Mean Reward 191.9 - Mean Length 232.85 - Mean Loss 0.785 - Mean Q Value 12.185 - Time Delta 25.96 - Time 2024-03-07T21:49:21
Episode 7380 - Step 1778953 - Epsilon 0.6409919980667864 - Mean Reward 195.55 - Mean Length 233.95 - Mean Loss 0.778 - Mean Q Value 12.167 - Time Delta 25.607 - Time 2024-03-07T21:49:47
Episode 7400 - Step 1783455 - Epsilon 0.6402709673188977 - Mean Reward 187.85 - Mean Length 233.13 - Mean Loss 0.783 - Mean Q Value 12.16 - Time Delta 25.396 - Time 2024-03-07T21:50:12
Episode 7420 - Step 1787921 - Epsilon 0.6395565036180593 - Mean Reward 190.6 - Mean Length 230.36 - Mean Loss 0.781 - Mean Q Value 12.169 - Time Delta 25.201 - Time 2024-03-07T21:50:37
Episode 7440 - Step 1792918 - Epsilon 0.6387580364024195 - Mean Reward 197.1 - Mean Length 231.22 - Mean Loss 0.777 - Mean Q Value 12.17 - Time Delta 27.82 - Time 2024-03-07T21:51:05
Episode 7460 - Step 1797454 - Epsilon 0.6380340952507586 - Mean Reward 194.3 - Mean Length 230.49 - Mean Loss 0.773 - Mean Q Value 12.183 - Time Delta 23.74 - Time 2024-03-07T21:51:29
Episode 7480 - Step 1801740 - Epsilon 0.6373508077688343 - Mean Reward 194.05 - Mean Length 227.87 - Mean Loss 0.774 - Mean Q Value 12.178 - Time Delta 22.53 - Time 2024-03-07T21:51:52
Episode 7500 - Step 1807453 - Epsilon 0.636441161119849 - Mean Reward 210.3 - Mean Length 239.98 - Mean Loss 0.773 - Mean Q Value 12.207 - Time Delta 31.416 - Time 2024-03-07T21:52:23
Episode 7520 - Step 1811895 - Epsilon 0.6357347854097377 - Mean Reward 208.15 - Mean Length 239.74 - Mean Loss 0.782 - Mean Q Value 12.249 - Time Delta 25.123 - Time 2024-03-07T21:52:48
Episode 7540 - Step 1816579 - Epsilon 0.6349907755856877 - Mean Reward 202.0 - Mean Length 236.61 - Mean Loss 0.787 - Mean Q Value 12.25 - Time Delta 26.486 - Time 2024-03-07T21:53:15
Episode 7560 - Step 1820684 - Epsilon 0.6343394504890907 - Mean Reward 198.05 - Mean Length 232.3 - Mean Loss 0.794 - Mean Q Value 12.22 - Time Delta 23.23 - Time 2024-03-07T21:53:38
Episode 7580 - Step 1824988 - Epsilon 0.6336572682348685 - Mean Reward 199.2 - Mean Length 232.48 - Mean Loss 0.794 - Mean Q Value 12.241 - Time Delta 24.377 - Time 2024-03-07T21:54:02
Episode 7600 - Step 1829329 - Epsilon 0.6329699646140924 - Mean Reward 185.45 - Mean Length 218.76 - Mean Loss 0.796 - Mean Q Value 12.23 - Time Delta 24.509 - Time 2024-03-07T21:54:27
Episode 7620 - Step 1833727 - Epsilon 0.6322743965095927 - Mean Reward 186.95 - Mean Length 218.32 - Mean Loss 0.787 - Mean Q Value 12.184 - Time Delta 24.885 - Time 2024-03-07T21:54:52
Episode 7640 - Step 1838335 - Epsilon 0.6315464356996497 - Mean Reward 180.85 - Mean Length 217.56 - Mean Loss 0.787 - Mean Q Value 12.165 - Time Delta 25.943 - Time 2024-03-07T21:55:18
Episode 7660 - Step 1844363 - Epsilon 0.630595411878475 - Mean Reward 207.8 - Mean Length 236.79 - Mean Loss 0.784 - Mean Q Value 12.185 - Time Delta 33.662 - Time 2024-03-07T21:55:51
Episode 7680 - Step 1849192 - Epsilon 0.6298345848189147 - Mean Reward 220.5 - Mean Length 242.04 - Mean Loss 0.78 - Mean Q Value 12.171 - Time Delta 25.514 - Time 2024-03-07T21:56:17
Episode 7700 - Step 1853854 - Epsilon 0.629100940132992 - Mean Reward 224.8 - Mean Length 245.25 - Mean Loss 0.79 - Mean Q Value 12.181 - Time Delta 24.273 - Time 2024-03-07T21:56:41
Episode 7720 - Step 1858518 - Epsilon 0.6283678358279252 - Mean Reward 231.25 - Mean Length 247.91 - Mean Loss 0.799 - Mean Q Value 12.218 - Time Delta 24.255 - Time 2024-03-07T21:57:05
Episode 7740 - Step 1863465 - Epsilon 0.6275911821719741 - Mean Reward 238.25 - Mean Length 251.3 - Mean Loss 0.8 - Mean Q Value 12.269 - Time Delta 25.702 - Time 2024-03-07T21:57:31
Episode 7760 - Step 1867969 - Epsilon 0.6268849121171329 - Mean Reward 215.2 - Mean Length 236.06 - Mean Loss 0.799 - Mean Q Value 12.281 - Time Delta 23.447 - Time 2024-03-07T21:57:54
Episode 7780 - Step 1872936 - Epsilon 0.6261069607906499 - Mean Reward 208.75 - Mean Length 237.44 - Mean Loss 0.8 - Mean Q Value 12.283 - Time Delta 25.868 - Time 2024-03-07T21:58:20
Episode 7800 - Step 1878218 - Epsilon 0.6252807320830961 - Mean Reward 226.4 - Mean Length 243.64 - Mean Loss 0.794 - Mean Q Value 12.272 - Time Delta 27.306 - Time 2024-03-07T21:58:48
Episode 7820 - Step 1883274 - Epsilon 0.6244908764328345 - Mean Reward 227.55 - Mean Length 247.56 - Mean Loss 0.793 - Mean Q Value 12.266 - Time Delta 26.337 - Time 2024-03-07T21:59:14
Episode 7840 - Step 1888139 - Epsilon 0.6237318010156953 - Mean Reward 233.9 - Mean Length 246.74 - Mean Loss 0.806 - Mean Q Value 12.275 - Time Delta 25.392 - Time 2024-03-07T21:59:39
Episode 7860 - Step 1892808 - Epsilon 0.6230041747234106 - Mean Reward 238.7 - Mean Length 248.39 - Mean Loss 0.814 - Mean Q Value 12.278 - Time Delta 24.481 - Time 2024-03-07T22:00:04
Episode 7880 - Step 1897236 - Epsilon 0.6223148906048852 - Mean Reward 230.55 - Mean Length 243.0 - Mean Loss 0.819 - Mean Q Value 12.288 - Time Delta 23.198 - Time 2024-03-07T22:00:27
Episode 7900 - Step 1902640 - Epsilon 0.6214747107518193 - Mean Reward 224.7 - Mean Length 244.22 - Mean Loss 0.822 - Mean Q Value 12.318 - Time Delta 28.169 - Time 2024-03-07T22:00:55
Episode 7920 - Step 1907078 - Epsilon 0.6207855668472774 - Mean Reward 213.9 - Mean Length 238.04 - Mean Loss 0.825 - Mean Q Value 12.352 - Time Delta 23.298 - Time 2024-03-07T22:01:18
Episode 7940 - Step 1911769 - Epsilon 0.6200579672123325 - Mean Reward 207.1 - Mean Length 236.3 - Mean Loss 0.821 - Mean Q Value 12.357 - Time Delta 24.669 - Time 2024-03-07T22:01:43
Episode 7960 - Step 1916468 - Epsilon 0.6193299817084537 - Mean Reward 207.8 - Mean Length 236.6 - Mean Loss 0.815 - Mean Q Value 12.372 - Time Delta 24.653 - Time 2024-03-07T22:02:08
Episode 7980 - Step 1921299 - Epsilon 0.618582437343718 - Mean Reward 219.25 - Mean Length 240.63 - Mean Loss 0.815 - Mean Q Value 12.387 - Time Delta 25.309 - Time 2024-03-07T22:02:33
Episode 8000 - Step 1925691 - Epsilon 0.6179036064889064 - Mean Reward 201.65 - Mean Length 230.51 - Mean Loss 0.82 - Mean Q Value 12.392 - Time Delta 22.986 - Time 2024-03-07T22:02:56
Episode 8020 - Step 1930372 - Epsilon 0.6171809276429134 - Mean Reward 205.35 - Mean Length 232.94 - Mean Loss 0.814 - Mean Q Value 12.373 - Time Delta 24.407 - Time 2024-03-07T22:03:20
Episode 8040 - Step 1935305 - Epsilon 0.6164202583128429 - Mean Reward 215.5 - Mean Length 235.36 - Mean Loss 0.806 - Mean Q Value 12.408 - Time Delta 25.639 - Time 2024-03-07T22:03:46
Episode 8060 - Step 1940127 - Epsilon 0.6156776113189238 - Mean Reward 215.1 - Mean Length 236.59 - Mean Loss 0.808 - Mean Q Value 12.438 - Time Delta 25.229 - Time 2024-03-07T22:04:11
Episode 8080 - Step 1944544 - Epsilon 0.6149981244623214 - Mean Reward 204.5 - Mean Length 232.45 - Mean Loss 0.808 - Mean Q Value 12.466 - Time Delta 23.258 - Time 2024-03-07T22:04:35
Episode 8100 - Step 1949905 - Epsilon 0.6141744252276775 - Mean Reward 229.0 - Mean Length 242.14 - Mean Loss 0.797 - Mean Q Value 12.482 - Time Delta 28.107 - Time 2024-03-07T22:05:03
Episode 8120 - Step 1954342 - Epsilon 0.6134935298726905 - Mean Reward 228.55 - Mean Length 239.7 - Mean Loss 0.815 - Mean Q Value 12.545 - Time Delta 23.193 - Time 2024-03-07T22:05:26
Episode 8140 - Step 1959375 - Epsilon 0.6127220869779728 - Mean Reward 224.9 - Mean Length 240.7 - Mean Loss 0.825 - Mean Q Value 12.538 - Time Delta 26.075 - Time 2024-03-07T22:05:52
Episode 8160 - Step 1964097 - Epsilon 0.6119991952346351 - Mean Reward 222.0 - Mean Length 239.7 - Mean Loss 0.828 - Mean Q Value 12.565 - Time Delta 24.596 - Time 2024-03-07T22:06:17
Episode 8180 - Step 1968795 - Epsilon 0.611280824036002 - Mean Reward 230.75 - Mean Length 242.51 - Mean Loss 0.824 - Mean Q Value 12.593 - Time Delta 24.838 - Time 2024-03-07T22:06:41
Episode 8200 - Step 1973124 - Epsilon 0.610619623138321 - Mean Reward 208.85 - Mean Length 232.19 - Mean Loss 0.841 - Mean Q Value 12.615 - Time Delta 22.844 - Time 2024-03-07T22:07:04
Episode 8220 - Step 1977954 - Epsilon 0.6098827448309834 - Mean Reward 210.3 - Mean Length 236.12 - Mean Loss 0.827 - Mean Q Value 12.588 - Time Delta 25.383 - Time 2024-03-07T22:07:30
Episode 8240 - Step 1982617 - Epsilon 0.6091721881784581 - Mean Reward 202.05 - Mean Length 232.42 - Mean Loss 0.819 - Mean Q Value 12.575 - Time Delta 24.531 - Time 2024-03-07T22:07:54
Episode 8260 - Step 1986783 - Epsilon 0.6085380655418016 - Mean Reward 199.35 - Mean Length 226.86 - Mean Loss 0.819 - Mean Q Value 12.54 - Time Delta 21.654 - Time 2024-03-07T22:08:16
Episode 8280 - Step 1991778 - Epsilon 0.6077786278100421 - Mean Reward 198.75 - Mean Length 229.83 - Mean Loss 0.817 - Mean Q Value 12.508 - Time Delta 25.924 - Time 2024-03-07T22:08:42
Episode 8300 - Step 1996329 - Epsilon 0.6070875208178114 - Mean Reward 207.5 - Mean Length 232.05 - Mean Loss 0.81 - Mean Q Value 12.494 - Time Delta 23.721 - Time 2024-03-07T22:09:05
TestNet saved to /var/scratch/tbt204/TransferLearning/checkpoints/2024-03-07T19-16-45/test_net_4.chkpt at step 2000000
Episode 8320 - Step 2000463 - Epsilon 0.60646041989679 - Mean Reward 199.45 - Mean Length 225.09 - Mean Loss 0.81 - Mean Q Value 12.497 - Time Delta 21.655 - Time 2024-03-07T22:09:27
Episode 8340 - Step 2005393 - Epsilon 0.6057134177704127 - Mean Reward 202.3 - Mean Length 227.76 - Mean Loss 0.809 - Mean Q Value 12.512 - Time Delta 25.582 - Time 2024-03-07T22:09:53
Episode 8360 - Step 2010025 - Epsilon 0.6050124075081881 - Mean Reward 211.7 - Mean Length 232.42 - Mean Loss 0.807 - Mean Q Value 12.524 - Time Delta 24.145 - Time 2024-03-07T22:10:17
Episode 8380 - Step 2014437 - Epsilon 0.6043454466357854 - Mean Reward 207.6 - Mean Length 226.59 - Mean Loss 0.812 - Mean Q Value 12.528 - Time Delta 23.076 - Time 2024-03-07T22:10:40
Episode 8400 - Step 2018828 - Epsilon 0.6036823903403784 - Mean Reward 199.45 - Mean Length 224.99 - Mean Loss 0.81 - Mean Q Value 12.532 - Time Delta 22.97 - Time 2024-03-07T22:11:03
Episode 8420 - Step 2023907 - Epsilon 0.6029163509715463 - Mean Reward 218.85 - Mean Length 234.44 - Mean Loss 0.806 - Mean Q Value 12.538 - Time Delta 26.337 - Time 2024-03-07T22:11:29
Episode 8440 - Step 2028679 - Epsilon 0.602197500554414 - Mean Reward 219.15 - Mean Length 232.86 - Mean Loss 0.808 - Mean Q Value 12.561 - Time Delta 24.883 - Time 2024-03-07T22:11:54
Episode 8460 - Step 2033516 - Epsilon 0.6014697332507862 - Mean Reward 217.15 - Mean Length 234.91 - Mean Loss 0.814 - Mean Q Value 12.597 - Time Delta 25.385 - Time 2024-03-07T22:12:19
Episode 8480 - Step 2038289 - Epsilon 0.6007524574316196 - Mean Reward 219.2 - Mean Length 238.52 - Mean Loss 0.816 - Mean Q Value 12.629 - Time Delta 24.86 - Time 2024-03-07T22:12:44
Episode 8500 - Step 2042651 - Epsilon 0.6000976938695752 - Mean Reward 216.25 - Mean Length 238.23 - Mean Loss 0.819 - Mean Q Value 12.669 - Time Delta 22.838 - Time 2024-03-07T22:13:07
Episode 8520 - Step 2047166 - Epsilon 0.599420715654362 - Mean Reward 205.9 - Mean Length 232.59 - Mean Loss 0.829 - Mean Q Value 12.686 - Time Delta 23.5 - Time 2024-03-07T22:13:31
Episode 8540 - Step 2052042 - Epsilon 0.5986904668876454 - Mean Reward 207.05 - Mean Length 233.63 - Mean Loss 0.829 - Mean Q Value 12.69 - Time Delta 25.409 - Time 2024-03-07T22:13:56
Episode 8560 - Step 2056386 - Epsilon 0.5980406418781294 - Mean Reward 200.25 - Mean Length 228.7 - Mean Loss 0.829 - Mean Q Value 12.682 - Time Delta 22.742 - Time 2024-03-07T22:14:19
Episode 8580 - Step 2061156 - Epsilon 0.5973279033782911 - Mean Reward 203.75 - Mean Length 228.67 - Mean Loss 0.818 - Mean Q Value 12.671 - Time Delta 24.833 - Time 2024-03-07T22:14:44
Episode 8600 - Step 2066004 - Epsilon 0.5966043804123344 - Mean Reward 212.1 - Mean Length 233.53 - Mean Loss 0.816 - Mean Q Value 12.635 - Time Delta 25.242 - Time 2024-03-07T22:15:09
Episode 8620 - Step 2070561 - Epsilon 0.5959250858036054 - Mean Reward 208.45 - Mean Length 233.95 - Mean Loss 0.805 - Mean Q Value 12.609 - Time Delta 23.781 - Time 2024-03-07T22:15:33
Episode 8640 - Step 2075534 - Epsilon 0.595184662209211 - Mean Reward 210.05 - Mean Length 234.92 - Mean Loss 0.806 - Mean Q Value 12.652 - Time Delta 25.874 - Time 2024-03-07T22:15:59
Episode 8660 - Step 2080686 - Epsilon 0.5944185577455977 - Mean Reward 220.25 - Mean Length 243.0 - Mean Loss 0.799 - Mean Q Value 12.68 - Time Delta 27.138 - Time 2024-03-07T22:16:26
Episode 8680 - Step 2085291 - Epsilon 0.5937346270585466 - Mean Reward 216.65 - Mean Length 241.35 - Mean Loss 0.813 - Mean Q Value 12.733 - Time Delta 24.343 - Time 2024-03-07T22:16:50
Episode 8700 - Step 2089876 - Epsilon 0.5930544485589347 - Mean Reward 211.0 - Mean Length 238.72 - Mean Loss 0.81 - Mean Q Value 12.791 - Time Delta 24.388 - Time 2024-03-07T22:17:14
Episode 8720 - Step 2094508 - Epsilon 0.5923680889005546 - Mean Reward 214.55 - Mean Length 239.47 - Mean Loss 0.817 - Mean Q Value 12.893 - Time Delta 24.404 - Time 2024-03-07T22:17:39
Episode 8740 - Step 2099154 - Epsilon 0.591680452701276 - Mean Reward 212.1 - Mean Length 236.2 - Mean Loss 0.81 - Mean Q Value 12.906 - Time Delta 24.539 - Time 2024-03-07T22:18:03
Episode 8760 - Step 2103333 - Epsilon 0.5910626172689837 - Mean Reward 201.6 - Mean Length 226.47 - Mean Loss 0.816 - Mean Q Value 12.983 - Time Delta 22.21 - Time 2024-03-07T22:18:26
Episode 8780 - Step 2107765 - Epsilon 0.5904080824863726 - Mean Reward 197.8 - Mean Length 224.74 - Mean Loss 0.81 - Mean Q Value 13.047 - Time Delta 23.474 - Time 2024-03-07T22:18:49
Episode 8800 - Step 2112171 - Epsilon 0.5897581059424762 - Mean Reward 196.8 - Mean Length 222.95 - Mean Loss 0.808 - Mean Q Value 13.076 - Time Delta 23.385 - Time 2024-03-07T22:19:12
Episode 8820 - Step 2117133 - Epsilon 0.5890269645047993 - Mean Reward 200.4 - Mean Length 226.25 - Mean Loss 0.806 - Mean Q Value 13.076 - Time Delta 26.16 - Time 2024-03-07T22:19:39
Episode 8840 - Step 2122214 - Epsilon 0.5882792279163084 - Mean Reward 206.45 - Mean Length 230.6 - Mean Loss 0.81 - Mean Q Value 13.074 - Time Delta 26.866 - Time 2024-03-07T22:20:05
Episode 8860 - Step 2127234 - Epsilon 0.5875414004764995 - Mean Reward 219.3 - Mean Length 239.01 - Mean Loss 0.803 - Mean Q Value 13.078 - Time Delta 26.517 - Time 2024-03-07T22:20:32
Episode 8880 - Step 2131396 - Epsilon 0.5869303815105816 - Mean Reward 220.6 - Mean Length 236.31 - Mean Loss 0.802 - Mean Q Value 13.038 - Time Delta 21.984 - Time 2024-03-07T22:20:54
Episode 8900 - Step 2136441 - Epsilon 0.5861905821083885 - Mean Reward 229.6 - Mean Length 242.7 - Mean Loss 0.8 - Mean Q Value 13.032 - Time Delta 26.529 - Time 2024-03-07T22:21:20
Episode 8920 - Step 2141242 - Epsilon 0.5854874288384895 - Mean Reward 231.4 - Mean Length 241.09 - Mean Loss 0.801 - Mean Q Value 13.018 - Time Delta 25.24 - Time 2024-03-07T22:21:46
Episode 8940 - Step 2146485 - Epsilon 0.584720503828446 - Mean Reward 233.45 - Mean Length 242.71 - Mean Loss 0.802 - Mean Q Value 13.012 - Time Delta 27.608 - Time 2024-03-07T22:22:13
Episode 8960 - Step 2151161 - Epsilon 0.5840373648465151 - Mean Reward 228.7 - Mean Length 239.27 - Mean Loss 0.809 - Mean Q Value 12.974 - Time Delta 24.849 - Time 2024-03-07T22:22:38
Episode 8980 - Step 2155818 - Epsilon 0.5833577949308519 - Mean Reward 235.75 - Mean Length 244.22 - Mean Loss 0.814 - Mean Q Value 12.973 - Time Delta 24.674 - Time 2024-03-07T22:23:03
Episode 9000 - Step 2161151 - Epsilon 0.5825805512986678 - Mean Reward 245.05 - Mean Length 247.1 - Mean Loss 0.821 - Mean Q Value 12.985 - Time Delta 28.014 - Time 2024-03-07T22:23:31
Episode 9020 - Step 2166026 - Epsilon 0.5818709636557776 - Mean Reward 239.7 - Mean Length 247.84 - Mean Loss 0.822 - Mean Q Value 13.022 - Time Delta 25.723 - Time 2024-03-07T22:23:57
Episode 9040 - Step 2171512 - Epsilon 0.581073474532498 - Mean Reward 243.95 - Mean Length 250.27 - Mean Loss 0.825 - Mean Q Value 13.063 - Time Delta 28.968 - Time 2024-03-07T22:24:26
Episode 9060 - Step 2176233 - Epsilon 0.5803880670340664 - Mean Reward 245.65 - Mean Length 250.72 - Mean Loss 0.821 - Mean Q Value 13.071 - Time Delta 25.038 - Time 2024-03-07T22:24:51
Episode 9080 - Step 2180492 - Epsilon 0.579770427636526 - Mean Reward 237.2 - Mean Length 246.74 - Mean Loss 0.821 - Mean Q Value 13.113 - Time Delta 22.705 - Time 2024-03-07T22:25:13
Episode 9100 - Step 2185597 - Epsilon 0.5790309675040831 - Mean Reward 235.5 - Mean Length 244.46 - Mean Loss 0.819 - Mean Q Value 13.101 - Time Delta 27.013 - Time 2024-03-07T22:25:40
Episode 9120 - Step 2190697 - Epsilon 0.5782931733718962 - Mean Reward 242.65 - Mean Length 246.71 - Mean Loss 0.822 - Mean Q Value 13.081 - Time Delta 27.226 - Time 2024-03-07T22:26:08
Episode 9140 - Step 2195720 - Epsilon 0.5775674373954602 - Mean Reward 237.85 - Mean Length 242.08 - Mean Loss 0.829 - Mean Q Value 13.062 - Time Delta 26.959 - Time 2024-03-07T22:26:35
Episode 9160 - Step 2200835 - Epsilon 0.5768293449609526 - Mean Reward 240.5 - Mean Length 246.02 - Mean Loss 0.828 - Mean Q Value 13.066 - Time Delta 27.004 - Time 2024-03-07T22:27:02
Episode 9180 - Step 2205667 - Epsilon 0.576132955728875 - Mean Reward 252.1 - Mean Length 251.75 - Mean Loss 0.836 - Mean Q Value 13.033 - Time Delta 25.612 - Time 2024-03-07T22:27:27
Episode 9200 - Step 2210756 - Epsilon 0.5754004365568477 - Mean Reward 248.85 - Mean Length 251.59 - Mean Loss 0.847 - Mean Q Value 13.052 - Time Delta 27.083 - Time 2024-03-07T22:27:54
Episode 9220 - Step 2215354 - Epsilon 0.5747393936794878 - Mean Reward 240.2 - Mean Length 246.57 - Mean Loss 0.846 - Mean Q Value 13.035 - Time Delta 24.729 - Time 2024-03-07T22:28:19
Episode 9240 - Step 2220173 - Epsilon 0.5740473932358208 - Mean Reward 236.9 - Mean Length 244.53 - Mean Loss 0.833 - Mean Q Value 13.009 - Time Delta 25.699 - Time 2024-03-07T22:28:45
Episode 9260 - Step 2224779 - Epsilon 0.5733867580135644 - Mean Reward 231.45 - Mean Length 239.44 - Mean Loss 0.846 - Mean Q Value 12.995 - Time Delta 24.524 - Time 2024-03-07T22:29:09
Episode 9280 - Step 2229769 - Epsilon 0.5726719039264315 - Mean Reward 225.55 - Mean Length 241.02 - Mean Loss 0.844 - Mean Q Value 12.988 - Time Delta 26.558 - Time 2024-03-07T22:29:36
Episode 9300 - Step 2234104 - Epsilon 0.5720516068571146 - Mean Reward 214.7 - Mean Length 233.48 - Mean Loss 0.84 - Mean Q Value 12.957 - Time Delta 23.108 - Time 2024-03-07T22:29:59
Episode 9320 - Step 2239270 - Epsilon 0.5713132789923059 - Mean Reward 225.15 - Mean Length 239.16 - Mean Loss 0.843 - Mean Q Value 12.974 - Time Delta 27.446 - Time 2024-03-07T22:30:26
Episode 9340 - Step 2244132 - Epsilon 0.5706192694845669 - Mean Reward 224.1 - Mean Length 239.59 - Mean Loss 0.853 - Mean Q Value 12.996 - Time Delta 25.96 - Time 2024-03-07T22:30:52
Episode 9360 - Step 2248545 - Epsilon 0.5699900808367813 - Mean Reward 220.65 - Mean Length 237.66 - Mean Loss 0.839 - Mean Q Value 12.992 - Time Delta 23.529 - Time 2024-03-07T22:31:16
Episode 9380 - Step 2252854 - Epsilon 0.5693763895542169 - Mean Reward 218.55 - Mean Length 230.85 - Mean Loss 0.829 - Mean Q Value 12.976 - Time Delta 22.913 - Time 2024-03-07T22:31:39
Episode 9400 - Step 2258100 - Epsilon 0.5686301417848698 - Mean Reward 232.9 - Mean Length 239.96 - Mean Loss 0.826 - Mean Q Value 13.001 - Time Delta 27.784 - Time 2024-03-07T22:32:06
Episode 9420 - Step 2263070 - Epsilon 0.5679240574910495 - Mean Reward 228.7 - Mean Length 238.0 - Mean Loss 0.821 - Mean Q Value 12.965 - Time Delta 26.393 - Time 2024-03-07T22:32:33
Episode 9440 - Step 2267548 - Epsilon 0.5672886221804477 - Mean Reward 219.45 - Mean Length 234.16 - Mean Loss 0.814 - Mean Q Value 12.943 - Time Delta 23.964 - Time 2024-03-07T22:32:57
Episode 9460 - Step 2271809 - Epsilon 0.5666846396533965 - Mean Reward 217.25 - Mean Length 232.64 - Mean Loss 0.812 - Mean Q Value 12.897 - Time Delta 22.685 - Time 2024-03-07T22:33:20
Episode 9480 - Step 2276841 - Epsilon 0.565972198506994 - Mean Reward 225.3 - Mean Length 239.87 - Mean Loss 0.817 - Mean Q Value 12.858 - Time Delta 26.615 - Time 2024-03-07T22:33:46
Episode 9500 - Step 2281566 - Epsilon 0.5653040384736067 - Mean Reward 217.95 - Mean Length 234.66 - Mean Loss 0.812 - Mean Q Value 12.796 - Time Delta 25.03 - Time 2024-03-07T22:34:11
Episode 9520 - Step 2285953 - Epsilon 0.564684381058616 - Mean Reward 206.7 - Mean Length 228.83 - Mean Loss 0.814 - Mean Q Value 12.741 - Time Delta 23.252 - Time 2024-03-07T22:34:34
Episode 9540 - Step 2290457 - Epsilon 0.5640489042066288 - Mean Reward 208.7 - Mean Length 229.09 - Mean Loss 0.815 - Mean Q Value 12.694 - Time Delta 23.806 - Time 2024-03-07T22:34:58
Episode 9560 - Step 2295222 - Epsilon 0.563377380920928 - Mean Reward 218.4 - Mean Length 234.13 - Mean Loss 0.816 - Mean Q Value 12.648 - Time Delta 25.241 - Time 2024-03-07T22:35:23
Episode 9580 - Step 2299457 - Epsilon 0.5627812206922875 - Mean Reward 204.65 - Mean Length 226.16 - Mean Loss 0.803 - Mean Q Value 12.607 - Time Delta 22.595 - Time 2024-03-07T22:35:46
Episode 9600 - Step 2304452 - Epsilon 0.5620788861664457 - Mean Reward 206.65 - Mean Length 228.86 - Mean Loss 0.804 - Mean Q Value 12.613 - Time Delta 26.298 - Time 2024-03-07T22:36:12
Episode 9620 - Step 2309765 - Epsilon 0.5613328003964303 - Mean Reward 221.45 - Mean Length 238.12 - Mean Loss 0.795 - Mean Q Value 12.624 - Time Delta 27.924 - Time 2024-03-07T22:36:40
Episode 9640 - Step 2314528 - Epsilon 0.560664791075741 - Mean Reward 226.4 - Mean Length 240.71 - Mean Loss 0.793 - Mean Q Value 12.622 - Time Delta 25.304 - Time 2024-03-07T22:37:06
Episode 9660 - Step 2319205 - Epsilon 0.560009616792697 - Mean Reward 224.8 - Mean Length 239.83 - Mean Loss 0.795 - Mean Q Value 12.62 - Time Delta 24.957 - Time 2024-03-07T22:37:31
Episode 9680 - Step 2323555 - Epsilon 0.5594009372877342 - Mean Reward 224.95 - Mean Length 240.98 - Mean Loss 0.804 - Mean Q Value 12.676 - Time Delta 23.28 - Time 2024-03-07T22:37:54
Episode 9700 - Step 2328384 - Epsilon 0.5587260079079529 - Mean Reward 221.55 - Mean Length 239.32 - Mean Loss 0.798 - Mean Q Value 12.714 - Time Delta 25.863 - Time 2024-03-07T22:38:20
Episode 9720 - Step 2333329 - Epsilon 0.5580357095728667 - Mean Reward 223.5 - Mean Length 235.64 - Mean Loss 0.808 - Mean Q Value 12.742 - Time Delta 26.32 - Time 2024-03-07T22:38:46
Episode 9740 - Step 2338234 - Epsilon 0.5573518375831329 - Mean Reward 229.75 - Mean Length 237.06 - Mean Loss 0.801 - Mean Q Value 12.785 - Time Delta 26.085 - Time 2024-03-07T22:39:12
Episode 9760 - Step 2342915 - Epsilon 0.556699978007352 - Mean Reward 230.1 - Mean Length 237.1 - Mean Loss 0.798 - Mean Q Value 12.832 - Time Delta 24.819 - Time 2024-03-07T22:39:37
Episode 9780 - Step 2347386 - Epsilon 0.5560780741603719 - Mean Reward 237.95 - Mean Length 238.31 - Mean Loss 0.798 - Mean Q Value 12.819 - Time Delta 23.919 - Time 2024-03-07T22:40:01
Episode 9800 - Step 2351703 - Epsilon 0.5554782505617981 - Mean Reward 231.95 - Mean Length 233.19 - Mean Loss 0.802 - Mean Q Value 12.773 - Time Delta 23.168 - Time 2024-03-07T22:40:24
Episode 9820 - Step 2356348 - Epsilon 0.5548335757494158 - Mean Reward 225.0 - Mean Length 230.19 - Mean Loss 0.796 - Mean Q Value 12.762 - Time Delta 24.874 - Time 2024-03-07T22:40:49
Episode 9840 - Step 2360994 - Epsilon 0.5541895105838323 - Mean Reward 219.25 - Mean Length 227.6 - Mean Loss 0.802 - Mean Q Value 12.718 - Time Delta 24.833 - Time 2024-03-07T22:41:14
Episode 9860 - Step 2365939 - Epsilon 0.5535048170290953 - Mean Reward 225.15 - Mean Length 230.24 - Mean Loss 0.805 - Mean Q Value 12.696 - Time Delta 26.39 - Time 2024-03-07T22:41:40
Episode 9880 - Step 2370952 - Epsilon 0.5528115715261016 - Mean Reward 234.4 - Mean Length 235.66 - Mean Loss 0.805 - Mean Q Value 12.696 - Time Delta 27.287 - Time 2024-03-07T22:42:07
Episode 9900 - Step 2375342 - Epsilon 0.5522051935612456 - Mean Reward 236.8 - Mean Length 236.39 - Mean Loss 0.803 - Mean Q Value 12.724 - Time Delta 25.33 - Time 2024-03-07T22:42:33
Episode 9920 - Step 2380328 - Epsilon 0.5515172985210424 - Mean Reward 238.15 - Mean Length 239.8 - Mean Loss 0.806 - Mean Q Value 12.723 - Time Delta 28.692 - Time 2024-03-07T22:43:01
Episode 9940 - Step 2385473 - Epsilon 0.5508083653374979 - Mean Reward 250.25 - Mean Length 244.79 - Mean Loss 0.81 - Mean Q Value 12.774 - Time Delta 29.564 - Time 2024-03-07T22:43:31
Episode 9960 - Step 2390119 - Epsilon 0.5501689727402781 - Mean Reward 239.55 - Mean Length 241.8 - Mean Loss 0.809 - Mean Q Value 12.822 - Time Delta 26.761 - Time 2024-03-07T22:43:58
Episode 9980 - Step 2394636 - Epsilon 0.5495480450074129 - Mean Reward 230.85 - Mean Length 236.84 - Mean Loss 0.803 - Mean Q Value 12.886 - Time Delta 25.996 - Time 2024-03-07T22:44:24
Episode 10000 - Step 2399698 - Epsilon 0.5488530317318912 - Mean Reward 243.9 - Mean Length 243.56 - Mean Loss 0.803 - Mean Q Value 12.892 - Time Delta 28.838 - Time 2024-03-07T22:44:53
Average reward over 50 episodes: 220.2
Episode 10020 - Step 2404401 - Epsilon 0.5482080969144767 - Mean Reward 241.15 - Mean Length 240.73 - Mean Loss 0.801 - Mean Q Value 12.965 - Time Delta 51.506 - Time 2024-03-07T22:45:44
Episode 10040 - Step 2409085 - Epsilon 0.5475665208687921 - Mean Reward 227.1 - Mean Length 236.12 - Mean Loss 0.802 - Mean Q Value 12.983 - Time Delta 26.04 - Time 2024-03-07T22:46:10
Episode 10060 - Step 2414033 - Epsilon 0.5468895997597883 - Mean Reward 232.15 - Mean Length 239.14 - Mean Loss 0.802 - Mean Q Value 12.988 - Time Delta 26.336 - Time 2024-03-07T22:46:36
Episode 10080 - Step 2418408 - Epsilon 0.5462917661850728 - Mean Reward 229.25 - Mean Length 237.72 - Mean Loss 0.805 - Mean Q Value 12.981 - Time Delta 23.419 - Time 2024-03-07T22:47:00
Episode 10100 - Step 2423186 - Epsilon 0.5456396101664779 - Mean Reward 219.9 - Mean Length 234.88 - Mean Loss 0.814 - Mean Q Value 13.002 - Time Delta 25.468 - Time 2024-03-07T22:47:25
Episode 10120 - Step 2427687 - Epsilon 0.5450259744299055 - Mean Reward 218.35 - Mean Length 232.86 - Mean Loss 0.813 - Mean Q Value 12.99 - Time Delta 24.054 - Time 2024-03-07T22:47:49
Episode 10140 - Step 2432477 - Epsilon 0.5443736963733334 - Mean Reward 222.15 - Mean Length 233.92 - Mean Loss 0.813 - Mean Q Value 12.981 - Time Delta 25.559 - Time 2024-03-07T22:48:15
Episode 10160 - Step 2437104 - Epsilon 0.5437443560861628 - Mean Reward 218.75 - Mean Length 230.71 - Mean Loss 0.813 - Mean Q Value 12.968 - Time Delta 24.704 - Time 2024-03-07T22:48:40
Episode 10180 - Step 2442239 - Epsilon 0.5430467720393054 - Mean Reward 232.0 - Mean Length 238.31 - Mean Loss 0.813 - Mean Q Value 12.942 - Time Delta 27.273 - Time 2024-03-07T22:49:07
Episode 10200 - Step 2446993 - Epsilon 0.5424017442537071 - Mean Reward 230.45 - Mean Length 238.07 - Mean Loss 0.808 - Mean Q Value 12.943 - Time Delta 25.321 - Time 2024-03-07T22:49:32
Episode 10220 - Step 2451766 - Epsilon 0.5417549092860884 - Mean Reward 231.55 - Mean Length 240.79 - Mean Loss 0.799 - Mean Q Value 12.937 - Time Delta 25.403 - Time 2024-03-07T22:49:58
Episode 10240 - Step 2456854 - Epsilon 0.5410662350449699 - Mean Reward 238.1 - Mean Length 243.77 - Mean Loss 0.798 - Mean Q Value 12.963 - Time Delta 27.068 - Time 2024-03-07T22:50:25
Episode 10260 - Step 2462073 - Epsilon 0.5403607391344907 - Mean Reward 244.7 - Mean Length 249.69 - Mean Loss 0.801 - Mean Q Value 12.999 - Time Delta 27.911 - Time 2024-03-07T22:50:53
Episode 10280 - Step 2466922 - Epsilon 0.5397060836297911 - Mean Reward 239.05 - Mean Length 246.83 - Mean Loss 0.799 - Mean Q Value 13.019 - Time Delta 25.901 - Time 2024-03-07T22:51:19
Episode 10300 - Step 2471840 - Epsilon 0.5390429226787159 - Mean Reward 242.85 - Mean Length 248.47 - Mean Loss 0.797 - Mean Q Value 12.992 - Time Delta 26.194 - Time 2024-03-07T22:51:45
Episode 10320 - Step 2477277 - Epsilon 0.5383107262261831 - Mean Reward 258.4 - Mean Length 255.11 - Mean Loss 0.802 - Mean Q Value 12.964 - Time Delta 29.071 - Time 2024-03-07T22:52:14
Episode 10340 - Step 2481988 - Epsilon 0.5376771038866687 - Mean Reward 251.65 - Mean Length 251.34 - Mean Loss 0.802 - Mean Q Value 12.931 - Time Delta 25.083 - Time 2024-03-07T22:52:39
Episode 10360 - Step 2486740 - Epsilon 0.5370387226808794 - Mean Reward 248.95 - Mean Length 246.67 - Mean Loss 0.801 - Mean Q Value 12.858 - Time Delta 25.354 - Time 2024-03-07T22:53:04
Episode 10380 - Step 2491463 - Epsilon 0.5364049883443037 - Mean Reward 243.8 - Mean Length 245.41 - Mean Loss 0.802 - Mean Q Value 12.807 - Time Delta 25.247 - Time 2024-03-07T22:53:29
Episode 10400 - Step 2496539 - Epsilon 0.5357247220492197 - Mean Reward 248.6 - Mean Length 246.99 - Mean Loss 0.805 - Mean Q Value 12.789 - Time Delta 27.223 - Time 2024-03-07T22:53:57
TestNet saved to /var/scratch/tbt204/TransferLearning/checkpoints/2024-03-07T19-16-45/test_net_5.chkpt at step 2500000
Episode 10420 - Step 2501274 - Epsilon 0.5350909330280683 - Mean Reward 237.55 - Mean Length 239.97 - Mean Loss 0.808 - Mean Q Value 12.777 - Time Delta 27.229 - Time 2024-03-07T22:54:24
Episode 10440 - Step 2506402 - Epsilon 0.5344053858957413 - Mean Reward 249.4 - Mean Length 244.14 - Mean Loss 0.81 - Mean Q Value 12.775 - Time Delta 29.467 - Time 2024-03-07T22:54:53
Episode 10460 - Step 2511321 - Epsilon 0.533748604711348 - Mean Reward 254.85 - Mean Length 245.81 - Mean Loss 0.814 - Mean Q Value 12.823 - Time Delta 28.304 - Time 2024-03-07T22:55:22
Episode 10480 - Step 2516111 - Epsilon 0.5331098232240202 - Mean Reward 260.85 - Mean Length 246.48 - Mean Loss 0.817 - Mean Q Value 12.857 - Time Delta 27.612 - Time 2024-03-07T22:55:49
