A.L.E: Arcade Learning Environment (version 0.8.1+53f58b7)
[Powered by Stella]
True
Episode 0 - Step 182 - Epsilon 0.1869914916925007 - Mean Reward 545.0 - Mean Length 182.0 - Mean Loss 0.0 - Mean Q Value 0.0 - Time Delta 1.23 - Time 2024-03-10T17:07:10
Episode 20 - Step 2729 - Epsilon 0.18687246274513367 - Mean Reward 349.524 - Mean Length 129.952 - Mean Loss 0.0 - Mean Q Value 0.0 - Time Delta 13.202 - Time 2024-03-10T17:07:23
Episode 40 - Step 5215 - Epsilon 0.18675635757842582 - Mean Reward 356.098 - Mean Length 127.195 - Mean Loss 0.0 - Mean Q Value 0.0 - Time Delta 12.74 - Time 2024-03-10T17:07:36
Episode 60 - Step 7755 - Epsilon 0.1866378049209802 - Mean Reward 350.656 - Mean Length 127.131 - Mean Loss 0.0 - Mean Q Value 0.0 - Time Delta 13.054 - Time 2024-03-10T17:07:49
Episode 80 - Step 10452 - Epsilon 0.1865120067797344 - Mean Reward 352.963 - Mean Length 129.037 - Mean Loss 0.173 - Mean Q Value 1.509 - Time Delta 15.838 - Time 2024-03-10T17:08:04
Episode 100 - Step 13013 - Epsilon 0.1863926306718096 - Mean Reward 345.15 - Mean Length 128.31 - Mean Loss 0.725 - Mean Q Value 7.318 - Time Delta 20.134 - Time 2024-03-10T17:08:25
Episode 120 - Step 15746 - Epsilon 0.18626532138795854 - Mean Reward 348.65 - Mean Length 130.17 - Mean Loss 1.229 - Mean Q Value 13.375 - Time Delta 21.169 - Time 2024-03-10T17:08:46
Episode 140 - Step 18583 - Epsilon 0.18613325953021012 - Mean Reward 352.45 - Mean Length 133.68 - Mean Loss 1.685 - Mean Q Value 19.448 - Time Delta 22.139 - Time 2024-03-10T17:09:08
Episode 160 - Step 21458 - Epsilon 0.18599952430004305 - Mean Reward 360.25 - Mean Length 137.03 - Mean Loss 2.167 - Mean Q Value 25.463 - Time Delta 22.351 - Time 2024-03-10T17:09:30
Episode 180 - Step 24107 - Epsilon 0.1858763868780454 - Mean Reward 350.9 - Mean Length 136.55 - Mean Loss 2.506 - Mean Q Value 30.273 - Time Delta 20.638 - Time 2024-03-10T17:09:51
Episode 200 - Step 26905 - Epsilon 0.18574641179324508 - Mean Reward 355.5 - Mean Length 138.92 - Mean Loss 2.376 - Mean Q Value 30.22 - Time Delta 21.594 - Time 2024-03-10T17:10:13
Episode 220 - Step 29826 - Epsilon 0.1856108199730546 - Mean Reward 359.3 - Mean Length 140.8 - Mean Loss 2.302 - Mean Q Value 30.189 - Time Delta 22.629 - Time 2024-03-10T17:10:35
Episode 240 - Step 32547 - Epsilon 0.1854846011320235 - Mean Reward 350.75 - Mean Length 139.64 - Mean Loss 2.315 - Mean Q Value 30.127 - Time Delta 21.099 - Time 2024-03-10T17:10:56
Episode 260 - Step 35201 - Epsilon 0.18536157290290517 - Mean Reward 339.95 - Mean Length 137.43 - Mean Loss 2.291 - Mean Q Value 30.105 - Time Delta 20.546 - Time 2024-03-10T17:11:17
Episode 280 - Step 37933 - Epsilon 0.18523501415750654 - Mean Reward 344.5 - Mean Length 138.26 - Mean Loss 2.246 - Mean Q Value 30.042 - Time Delta 20.757 - Time 2024-03-10T17:11:38
Episode 300 - Step 40667 - Epsilon 0.18510844926797032 - Mean Reward 343.1 - Mean Length 137.62 - Mean Loss 2.254 - Mean Q Value 29.999 - Time Delta 20.665 - Time 2024-03-10T17:11:58
Episode 320 - Step 43661 - Epsilon 0.1849699474171452 - Mean Reward 348.3 - Mean Length 138.35 - Mean Loss 2.29 - Mean Q Value 29.968 - Time Delta 22.504 - Time 2024-03-10T17:12:21
Episode 340 - Step 46539 - Epsilon 0.1848369093894999 - Mean Reward 360.05 - Mean Length 139.92 - Mean Loss 2.272 - Mean Q Value 29.902 - Time Delta 21.65 - Time 2024-03-10T17:12:42
Episode 360 - Step 49324 - Epsilon 0.1847082614659942 - Mean Reward 365.1 - Mean Length 141.23 - Mean Loss 2.266 - Mean Q Value 29.872 - Time Delta 20.93 - Time 2024-03-10T17:13:03
Episode 380 - Step 51985 - Epsilon 0.18458542514264448 - Mean Reward 368.0 - Mean Length 140.52 - Mean Loss 2.306 - Mean Q Value 29.91 - Time Delta 20.058 - Time 2024-03-10T17:13:23
Episode 400 - Step 54478 - Epsilon 0.18447041810482334 - Mean Reward 362.55 - Mean Length 138.11 - Mean Loss 2.311 - Mean Q Value 29.92 - Time Delta 18.943 - Time 2024-03-10T17:13:42
Episode 420 - Step 56901 - Epsilon 0.18435870897239642 - Mean Reward 342.1 - Mean Length 132.4 - Mean Loss 2.303 - Mean Q Value 29.917 - Time Delta 18.498 - Time 2024-03-10T17:14:01
Episode 440 - Step 59952 - Epsilon 0.18421814296471412 - Mean Reward 347.85 - Mean Length 134.13 - Mean Loss 2.304 - Mean Q Value 29.937 - Time Delta 22.727 - Time 2024-03-10T17:14:24
Episode 460 - Step 63020 - Epsilon 0.18407690180429476 - Mean Reward 358.9 - Mean Length 136.96 - Mean Loss 2.323 - Mean Q Value 29.98 - Time Delta 22.839 - Time 2024-03-10T17:14:46
Episode 480 - Step 65551 - Epsilon 0.18396046397201152 - Mean Reward 353.6 - Mean Length 135.66 - Mean Loss 2.315 - Mean Q Value 30.003 - Time Delta 19.121 - Time 2024-03-10T17:15:05
Episode 500 - Step 67917 - Epsilon 0.18385168351895012 - Mean Reward 348.95 - Mean Length 134.39 - Mean Loss 2.299 - Mean Q Value 29.988 - Time Delta 17.923 - Time 2024-03-10T17:15:23
Episode 520 - Step 70863 - Epsilon 0.18371632658840842 - Mean Reward 370.3 - Mean Length 139.62 - Mean Loss 2.305 - Mean Q Value 29.959 - Time Delta 21.95 - Time 2024-03-10T17:15:45
Episode 540 - Step 73568 - Epsilon 0.1835921304055782 - Mean Reward 356.2 - Mean Length 136.16 - Mean Loss 2.321 - Mean Q Value 29.972 - Time Delta 20.385 - Time 2024-03-10T17:16:06
Episode 560 - Step 76109 - Epsilon 0.18347554052592926 - Mean Reward 342.3 - Mean Length 130.89 - Mean Loss 2.316 - Mean Q Value 29.957 - Time Delta 19.155 - Time 2024-03-10T17:16:25
Episode 580 - Step 78600 - Epsilon 0.1833613166889116 - Mean Reward 339.6 - Mean Length 130.49 - Mean Loss 2.31 - Mean Q Value 29.919 - Time Delta 18.817 - Time 2024-03-10T17:16:44
Episode 600 - Step 81302 - Epsilon 0.1832374979284885 - Mean Reward 353.5 - Mean Length 133.85 - Mean Loss 2.322 - Mean Q Value 29.959 - Time Delta 20.423 - Time 2024-03-10T17:17:04
Episode 620 - Step 83959 - Epsilon 0.18311582282108224 - Mean Reward 343.8 - Mean Length 130.96 - Mean Loss 2.341 - Mean Q Value 30.061 - Time Delta 20.065 - Time 2024-03-10T17:17:24
Episode 640 - Step 86570 - Epsilon 0.18299633295553008 - Mean Reward 339.2 - Mean Length 130.02 - Mean Loss 2.335 - Mean Q Value 30.161 - Time Delta 19.718 - Time 2024-03-10T17:17:44
Episode 660 - Step 89652 - Epsilon 0.18285538856914715 - Mean Reward 357.35 - Mean Length 135.43 - Mean Loss 2.337 - Mean Q Value 30.197 - Time Delta 22.928 - Time 2024-03-10T17:18:07
Episode 680 - Step 92582 - Epsilon 0.18272149602439633 - Mean Reward 372.75 - Mean Length 139.82 - Mean Loss 2.364 - Mean Q Value 30.239 - Time Delta 21.848 - Time 2024-03-10T17:18:29
Episode 700 - Step 95516 - Epsilon 0.18258751893240216 - Mean Reward 380.0 - Mean Length 142.14 - Mean Loss 2.381 - Mean Q Value 30.261 - Time Delta 21.977 - Time 2024-03-10T17:18:51
Episode 720 - Step 98413 - Epsilon 0.1824553277807725 - Mean Reward 382.9 - Mean Length 144.54 - Mean Loss 2.365 - Mean Q Value 30.183 - Time Delta 21.737 - Time 2024-03-10T17:19:12
Episode 740 - Step 101249 - Epsilon 0.18232601278477673 - Mean Reward 397.25 - Mean Length 146.79 - Mean Loss 2.366 - Mean Q Value 30.163 - Time Delta 21.219 - Time 2024-03-10T17:19:34
Episode 760 - Step 104190 - Epsilon 0.18219200683708056 - Mean Reward 394.8 - Mean Length 145.38 - Mean Loss 2.384 - Mean Q Value 30.165 - Time Delta 22.12 - Time 2024-03-10T17:19:56
Episode 780 - Step 106934 - Epsilon 0.18206706596437428 - Mean Reward 387.05 - Mean Length 143.52 - Mean Loss 2.365 - Mean Q Value 30.164 - Time Delta 20.865 - Time 2024-03-10T17:20:17
Episode 800 - Step 109780 - Epsilon 0.18193757130392407 - Mean Reward 387.9 - Mean Length 142.64 - Mean Loss 2.345 - Mean Q Value 30.133 - Time Delta 21.578 - Time 2024-03-10T17:20:38
Episode 820 - Step 112971 - Epsilon 0.1817924884658715 - Mean Reward 393.55 - Mean Length 145.58 - Mean Loss 2.342 - Mean Q Value 30.193 - Time Delta 23.926 - Time 2024-03-10T17:21:02
Episode 840 - Step 115293 - Epsilon 0.18168698853743181 - Mean Reward 369.35 - Mean Length 140.44 - Mean Loss 2.341 - Mean Q Value 30.115 - Time Delta 17.755 - Time 2024-03-10T17:21:20
Episode 860 - Step 117798 - Epsilon 0.18157324266701988 - Mean Reward 353.8 - Mean Length 136.08 - Mean Loss 2.311 - Mean Q Value 30.018 - Time Delta 19.102 - Time 2024-03-10T17:21:39
Episode 880 - Step 121022 - Epsilon 0.181426953577546 - Mean Reward 374.05 - Mean Length 140.88 - Mean Loss 2.298 - Mean Q Value 29.935 - Time Delta 24.206 - Time 2024-03-10T17:22:03
Episode 900 - Step 123974 - Epsilon 0.18129310986346167 - Mean Reward 373.9 - Mean Length 141.94 - Mean Loss 2.318 - Mean Q Value 29.875 - Time Delta 22.128 - Time 2024-03-10T17:22:25
Episode 920 - Step 126491 - Epsilon 0.18117906704429332 - Mean Reward 356.45 - Mean Length 135.2 - Mean Loss 2.323 - Mean Q Value 29.774 - Time Delta 19.081 - Time 2024-03-10T17:22:44
Episode 940 - Step 129522 - Epsilon 0.18104183059109485 - Mean Reward 378.5 - Mean Length 142.29 - Mean Loss 2.307 - Mean Q Value 29.707 - Time Delta 22.652 - Time 2024-03-10T17:23:07
Episode 960 - Step 132521 - Epsilon 0.1809061453329968 - Mean Reward 390.55 - Mean Length 147.23 - Mean Loss 2.34 - Mean Q Value 29.73 - Time Delta 22.407 - Time 2024-03-10T17:23:29
Episode 980 - Step 135366 - Epsilon 0.18077752156828106 - Mean Reward 380.65 - Mean Length 143.44 - Mean Loss 2.353 - Mean Q Value 29.682 - Time Delta 21.442 - Time 2024-03-10T17:23:51
Episode 1000 - Step 138305 - Epsilon 0.18064474405280673 - Mean Reward 377.25 - Mean Length 143.31 - Mean Loss 2.325 - Mean Q Value 29.632 - Time Delta 22.011 - Time 2024-03-10T17:24:13
Episode 1020 - Step 141130 - Epsilon 0.18051720872757238 - Mean Reward 390.1 - Mean Length 146.39 - Mean Loss 2.336 - Mean Q Value 29.59 - Time Delta 21.199 - Time 2024-03-10T17:24:34
Episode 1040 - Step 143810 - Epsilon 0.18039630269064028 - Mean Reward 379.95 - Mean Length 142.88 - Mean Loss 2.36 - Mean Q Value 29.614 - Time Delta 20.13 - Time 2024-03-10T17:24:54
Episode 1060 - Step 146493 - Epsilon 0.18027534242705678 - Mean Reward 369.4 - Mean Length 139.72 - Mean Loss 2.343 - Mean Q Value 29.614 - Time Delta 20.173 - Time 2024-03-10T17:25:14
Episode 1080 - Step 149452 - Epsilon 0.18014203303970325 - Mean Reward 365.45 - Mean Length 140.86 - Mean Loss 2.324 - Mean Q Value 29.664 - Time Delta 22.213 - Time 2024-03-10T17:25:37
Episode 1100 - Step 151869 - Epsilon 0.1800332150825579 - Mean Reward 353.2 - Mean Length 135.64 - Mean Loss 2.349 - Mean Q Value 29.725 - Time Delta 18.424 - Time 2024-03-10T17:25:55
Episode 1120 - Step 154889 - Epsilon 0.17989734128697923 - Mean Reward 359.1 - Mean Length 137.59 - Mean Loss 2.358 - Mean Q Value 29.835 - Time Delta 22.636 - Time 2024-03-10T17:26:18
Episode 1140 - Step 157579 - Epsilon 0.17977640098056577 - Mean Reward 356.9 - Mean Length 137.69 - Mean Loss 2.359 - Mean Q Value 29.836 - Time Delta 20.372 - Time 2024-03-10T17:26:38
Episode 1160 - Step 160139 - Epsilon 0.17966138087990274 - Mean Reward 356.7 - Mean Length 136.46 - Mean Loss 2.33 - Mean Q Value 29.864 - Time Delta 19.345 - Time 2024-03-10T17:26:57
Episode 1180 - Step 162720 - Epsilon 0.17954549175213835 - Mean Reward 346.05 - Mean Length 132.68 - Mean Loss 2.36 - Mean Q Value 29.915 - Time Delta 19.506 - Time 2024-03-10T17:27:17
Episode 1200 - Step 165450 - Epsilon 0.17942299374588763 - Mean Reward 353.45 - Mean Length 135.81 - Mean Loss 2.351 - Mean Q Value 29.956 - Time Delta 20.547 - Time 2024-03-10T17:27:37
Episode 1220 - Step 168190 - Epsilon 0.1793001310650687 - Mean Reward 344.6 - Mean Length 133.01 - Mean Loss 2.319 - Mean Q Value 29.956 - Time Delta 20.564 - Time 2024-03-10T17:27:58
Episode 1240 - Step 170881 - Epsilon 0.17917954745266568 - Mean Reward 351.5 - Mean Length 133.02 - Mean Loss 2.304 - Mean Q Value 30.022 - Time Delta 20.262 - Time 2024-03-10T17:28:18
Episode 1260 - Step 173720 - Epsilon 0.17905241987268877 - Mean Reward 359.7 - Mean Length 135.81 - Mean Loss 2.35 - Mean Q Value 30.017 - Time Delta 21.469 - Time 2024-03-10T17:28:40
Episode 1280 - Step 176362 - Epsilon 0.17893419478270176 - Mean Reward 358.2 - Mean Length 136.42 - Mean Loss 2.323 - Mean Q Value 29.999 - Time Delta 19.934 - Time 2024-03-10T17:29:00
Episode 1300 - Step 178656 - Epsilon 0.1788316054294646 - Mean Reward 342.35 - Mean Length 132.06 - Mean Loss 2.301 - Mean Q Value 29.94 - Time Delta 17.485 - Time 2024-03-10T17:29:17
Episode 1320 - Step 181172 - Epsilon 0.17871915570472355 - Mean Reward 333.35 - Mean Length 129.82 - Mean Loss 2.3 - Mean Q Value 29.872 - Time Delta 19.044 - Time 2024-03-10T17:29:36
Episode 1340 - Step 183934 - Epsilon 0.17859579270824816 - Mean Reward 326.45 - Mean Length 130.53 - Mean Loss 2.306 - Mean Q Value 29.788 - Time Delta 20.758 - Time 2024-03-10T17:29:57
Episode 1360 - Step 186269 - Epsilon 0.17849156782480854 - Mean Reward 303.9 - Mean Length 125.49 - Mean Loss 2.277 - Mean Q Value 29.736 - Time Delta 17.935 - Time 2024-03-10T17:30:15
Episode 1380 - Step 189063 - Epsilon 0.17836693498217437 - Mean Reward 311.0 - Mean Length 127.01 - Mean Loss 2.269 - Mean Q Value 29.653 - Time Delta 21.138 - Time 2024-03-10T17:30:36
Episode 1400 - Step 191775 - Epsilon 0.17824604317208315 - Mean Reward 325.85 - Mean Length 131.19 - Mean Loss 2.288 - Mean Q Value 29.554 - Time Delta 20.697 - Time 2024-03-10T17:30:57
Episode 1420 - Step 194654 - Epsilon 0.17811779672468778 - Mean Reward 338.25 - Mean Length 134.82 - Mean Loss 2.289 - Mean Q Value 29.456 - Time Delta 21.755 - Time 2024-03-10T17:31:18
Episode 1440 - Step 197419 - Epsilon 0.1779947153272072 - Mean Reward 343.35 - Mean Length 134.85 - Mean Loss 2.274 - Mean Q Value 29.421 - Time Delta 20.807 - Time 2024-03-10T17:31:39
Episode 1460 - Step 200080 - Epsilon 0.17787634370574898 - Mean Reward 355.35 - Mean Length 138.11 - Mean Loss 2.255 - Mean Q Value 29.359 - Time Delta 20.089 - Time 2024-03-10T17:31:59
Episode 1480 - Step 202548 - Epsilon 0.17776662783877856 - Mean Reward 344.65 - Mean Length 134.85 - Mean Loss 2.273 - Mean Q Value 29.332 - Time Delta 18.754 - Time 2024-03-10T17:32:18
Episode 1500 - Step 205140 - Epsilon 0.17765147236393197 - Mean Reward 339.8 - Mean Length 133.65 - Mean Loss 2.256 - Mean Q Value 29.321 - Time Delta 19.582 - Time 2024-03-10T17:32:38
Episode 1520 - Step 207969 - Epsilon 0.17752587276477916 - Mean Reward 339.15 - Mean Length 133.15 - Mean Loss 2.246 - Mean Q Value 29.372 - Time Delta 21.294 - Time 2024-03-10T17:32:59
Episode 1540 - Step 210665 - Epsilon 0.1774062606253866 - Mean Reward 339.9 - Mean Length 132.46 - Mean Loss 2.24 - Mean Q Value 29.294 - Time Delta 20.392 - Time 2024-03-10T17:33:19
Episode 1560 - Step 213722 - Epsilon 0.17727072967010632 - Mean Reward 354.85 - Mean Length 136.42 - Mean Loss 2.265 - Mean Q Value 29.22 - Time Delta 23.025 - Time 2024-03-10T17:33:42
Episode 1580 - Step 216261 - Epsilon 0.17715824276468076 - Mean Reward 357.3 - Mean Length 137.13 - Mean Loss 2.247 - Mean Q Value 29.145 - Time Delta 19.323 - Time 2024-03-10T17:34:02
Episode 1600 - Step 219346 - Epsilon 0.1770216621285346 - Mean Reward 369.1 - Mean Length 142.06 - Mean Loss 2.233 - Mean Q Value 29.117 - Time Delta 23.148 - Time 2024-03-10T17:34:25
Episode 1620 - Step 221830 - Epsilon 0.17691176578894555 - Mean Reward 358.8 - Mean Length 138.61 - Mean Loss 2.251 - Mean Q Value 29.051 - Time Delta 18.898 - Time 2024-03-10T17:34:44
Episode 1640 - Step 224524 - Epsilon 0.17679265581456777 - Mean Reward 354.95 - Mean Length 138.59 - Mean Loss 2.264 - Mean Q Value 29.093 - Time Delta 20.323 - Time 2024-03-10T17:35:04
Episode 1660 - Step 227497 - Epsilon 0.17666130347655593 - Mean Reward 350.9 - Mean Length 137.75 - Mean Loss 2.245 - Mean Q Value 29.138 - Time Delta 22.332 - Time 2024-03-10T17:35:26
Episode 1680 - Step 230544 - Epsilon 0.1765267829538077 - Mean Reward 371.4 - Mean Length 142.83 - Mean Loss 2.248 - Mean Q Value 29.109 - Time Delta 22.966 - Time 2024-03-10T17:35:49
Episode 1700 - Step 233210 - Epsilon 0.17640916703810813 - Mean Reward 363.65 - Mean Length 138.64 - Mean Loss 2.273 - Mean Q Value 29.153 - Time Delta 20.142 - Time 2024-03-10T17:36:10
Episode 1720 - Step 235892 - Epsilon 0.1762909243221127 - Mean Reward 373.15 - Mean Length 140.62 - Mean Loss 2.267 - Mean Q Value 29.126 - Time Delta 20.294 - Time 2024-03-10T17:36:30
Episode 1740 - Step 238503 - Epsilon 0.1761758879559445 - Mean Reward 375.2 - Mean Length 139.79 - Mean Loss 2.257 - Mean Q Value 29.095 - Time Delta 19.891 - Time 2024-03-10T17:36:50
Episode 1760 - Step 241163 - Epsilon 0.17605876992186048 - Mean Reward 369.85 - Mean Length 136.66 - Mean Loss 2.27 - Mean Q Value 29.055 - Time Delta 20.183 - Time 2024-03-10T17:37:10
Episode 1780 - Step 243997 - Epsilon 0.1759340764456471 - Mean Reward 367.35 - Mean Length 134.53 - Mean Loss 2.285 - Mean Q Value 29.114 - Time Delta 21.538 - Time 2024-03-10T17:37:31
Episode 1800 - Step 246692 - Epsilon 0.17581558076952736 - Mean Reward 367.55 - Mean Length 134.82 - Mean Loss 2.278 - Mean Q Value 29.101 - Time Delta 20.498 - Time 2024-03-10T17:37:52
Episode 1820 - Step 249666 - Epsilon 0.17568491045158333 - Mean Reward 376.95 - Mean Length 137.74 - Mean Loss 2.257 - Mean Q Value 29.192 - Time Delta 22.404 - Time 2024-03-10T17:38:14
Episode 1840 - Step 252646 - Epsilon 0.17555407391958286 - Mean Reward 381.75 - Mean Length 141.43 - Mean Loss 2.283 - Mean Q Value 29.279 - Time Delta 22.32 - Time 2024-03-10T17:38:37
Episode 1860 - Step 255301 - Epsilon 0.17543758855130007 - Mean Reward 381.15 - Mean Length 141.38 - Mean Loss 2.293 - Mean Q Value 29.388 - Time Delta 20.162 - Time 2024-03-10T17:38:57
Episode 1880 - Step 258154 - Epsilon 0.17531250228980438 - Mean Reward 377.15 - Mean Length 141.57 - Mean Loss 2.28 - Mean Q Value 29.474 - Time Delta 21.511 - Time 2024-03-10T17:39:18
Episode 1900 - Step 260805 - Epsilon 0.17519635240779574 - Mean Reward 378.15 - Mean Length 141.13 - Mean Loss 2.279 - Mean Q Value 29.551 - Time Delta 20.074 - Time 2024-03-10T17:39:38
Episode 1920 - Step 263541 - Epsilon 0.17507655906175298 - Mean Reward 366.1 - Mean Length 138.75 - Mean Loss 2.318 - Mean Q Value 29.598 - Time Delta 20.705 - Time 2024-03-10T17:39:59
Episode 1940 - Step 266397 - Epsilon 0.1749515989989951 - Mean Reward 368.8 - Mean Length 137.51 - Mean Loss 2.309 - Mean Q Value 29.621 - Time Delta 21.666 - Time 2024-03-10T17:40:21
Episode 1960 - Step 269188 - Epsilon 0.17482956908366015 - Mean Reward 366.75 - Mean Length 138.87 - Mean Loss 2.311 - Mean Q Value 29.59 - Time Delta 21.086 - Time 2024-03-10T17:40:42
Episode 1980 - Step 271751 - Epsilon 0.17471758290465927 - Mean Reward 353.85 - Mean Length 135.97 - Mean Loss 2.338 - Mean Q Value 29.575 - Time Delta 19.532 - Time 2024-03-10T17:41:01
Episode 2000 - Step 274513 - Epsilon 0.17459698204081184 - Mean Reward 356.8 - Mean Length 137.08 - Mean Loss 2.366 - Mean Q Value 29.52 - Time Delta 20.825 - Time 2024-03-10T17:41:22
Episode 2020 - Step 277370 - Epsilon 0.17447232065578433 - Mean Reward 359.25 - Mean Length 138.29 - Mean Loss 2.346 - Mean Q Value 29.451 - Time Delta 21.435 - Time 2024-03-10T17:41:44
Episode 2040 - Step 279907 - Epsilon 0.1743616966579087 - Mean Reward 348.4 - Mean Length 135.1 - Mean Loss 2.33 - Mean Q Value 29.328 - Time Delta 19.346 - Time 2024-03-10T17:42:03
Episode 2060 - Step 282427 - Epsilon 0.17425188337009012 - Mean Reward 341.8 - Mean Length 132.39 - Mean Loss 2.333 - Mean Q Value 29.368 - Time Delta 19.139 - Time 2024-03-10T17:42:22
Episode 2080 - Step 284825 - Epsilon 0.17414745065977363 - Mean Reward 340.7 - Mean Length 130.74 - Mean Loss 2.317 - Mean Q Value 29.361 - Time Delta 18.274 - Time 2024-03-10T17:42:40
Episode 2100 - Step 287577 - Epsilon 0.17402767840511169 - Mean Reward 337.3 - Mean Length 130.64 - Mean Loss 2.299 - Mean Q Value 29.42 - Time Delta 20.752 - Time 2024-03-10T17:43:01
Episode 2120 - Step 290589 - Epsilon 0.1738966848721348 - Mean Reward 343.45 - Mean Length 132.19 - Mean Loss 2.3 - Mean Q Value 29.386 - Time Delta 22.638 - Time 2024-03-10T17:43:24
Episode 2140 - Step 293351 - Epsilon 0.17377665064279693 - Mean Reward 350.05 - Mean Length 134.44 - Mean Loss 2.337 - Mean Q Value 29.474 - Time Delta 21.087 - Time 2024-03-10T17:43:45
Episode 2160 - Step 295923 - Epsilon 0.1736649481586525 - Mean Reward 351.15 - Mean Length 134.96 - Mean Loss 2.328 - Mean Q Value 29.477 - Time Delta 19.677 - Time 2024-03-10T17:44:05
Episode 2180 - Step 298910 - Epsilon 0.17353531225122418 - Mean Reward 369.65 - Mean Length 140.85 - Mean Loss 2.335 - Mean Q Value 29.454 - Time Delta 22.489 - Time 2024-03-10T17:44:27
Episode 2200 - Step 301615 - Epsilon 0.17341799865276514 - Mean Reward 371.8 - Mean Length 140.38 - Mean Loss 2.348 - Mean Q Value 29.392 - Time Delta 20.429 - Time 2024-03-10T17:44:48
Episode 2220 - Step 304467 - Epsilon 0.17329439567395663 - Mean Reward 366.3 - Mean Length 138.78 - Mean Loss 2.371 - Mean Q Value 29.435 - Time Delta 21.559 - Time 2024-03-10T17:45:09
Episode 2240 - Step 306846 - Epsilon 0.17319135946266592 - Mean Reward 355.05 - Mean Length 134.95 - Mean Loss 2.354 - Mean Q Value 29.467 - Time Delta 18.185 - Time 2024-03-10T17:45:27
Episode 2260 - Step 309580 - Epsilon 0.17307302359955307 - Mean Reward 365.55 - Mean Length 136.57 - Mean Loss 2.354 - Mean Q Value 29.45 - Time Delta 21.35 - Time 2024-03-10T17:45:49
Episode 2280 - Step 312575 - Epsilon 0.1729434836594894 - Mean Reward 366.75 - Mean Length 136.65 - Mean Loss 2.365 - Mean Q Value 29.513 - Time Delta 23.448 - Time 2024-03-10T17:46:12
Episode 2300 - Step 314961 - Epsilon 0.172840353620173 - Mean Reward 353.05 - Mean Length 133.46 - Mean Loss 2.354 - Mean Q Value 29.468 - Time Delta 18.646 - Time 2024-03-10T17:46:31
Episode 2320 - Step 317745 - Epsilon 0.17272009857261605 - Mean Reward 353.0 - Mean Length 132.78 - Mean Loss 2.32 - Mean Q Value 29.444 - Time Delta 21.441 - Time 2024-03-10T17:46:52
Episode 2340 - Step 320084 - Epsilon 0.1726191300059021 - Mean Reward 348.4 - Mean Length 132.38 - Mean Loss 2.311 - Mean Q Value 29.313 - Time Delta 18.248 - Time 2024-03-10T17:47:10
Episode 2360 - Step 322976 - Epsilon 0.1724943714649428 - Mean Reward 349.45 - Mean Length 133.96 - Mean Loss 2.324 - Mean Q Value 29.234 - Time Delta 22.226 - Time 2024-03-10T17:47:33
Episode 2380 - Step 325611 - Epsilon 0.172380778202414 - Mean Reward 339.0 - Mean Length 130.36 - Mean Loss 2.302 - Mean Q Value 29.101 - Time Delta 20.45 - Time 2024-03-10T17:47:53
Episode 2400 - Step 328304 - Epsilon 0.17226476188734552 - Mean Reward 355.4 - Mean Length 133.43 - Mean Loss 2.28 - Mean Q Value 29.079 - Time Delta 20.524 - Time 2024-03-10T17:48:14
Episode 2420 - Step 330806 - Epsilon 0.17215704395759948 - Mean Reward 345.85 - Mean Length 130.61 - Mean Loss 2.305 - Mean Q Value 29.047 - Time Delta 19.046 - Time 2024-03-10T17:48:33
Episode 2440 - Step 333547 - Epsilon 0.17203911373892583 - Mean Reward 360.8 - Mean Length 134.63 - Mean Loss 2.333 - Mean Q Value 29.058 - Time Delta 20.898 - Time 2024-03-10T17:48:54
Episode 2460 - Step 336344 - Epsilon 0.17191885742310922 - Mean Reward 364.65 - Mean Length 133.68 - Mean Loss 2.318 - Mean Q Value 29.062 - Time Delta 21.356 - Time 2024-03-10T17:49:15
Episode 2480 - Step 338934 - Epsilon 0.17180757598025662 - Mean Reward 358.1 - Mean Length 133.23 - Mean Loss 2.322 - Mean Q Value 29.092 - Time Delta 19.751 - Time 2024-03-10T17:49:35
Episode 2500 - Step 342216 - Epsilon 0.17166666566289426 - Mean Reward 374.95 - Mean Length 139.12 - Mean Loss 2.344 - Mean Q Value 29.162 - Time Delta 24.583 - Time 2024-03-10T17:49:59
Episode 2520 - Step 344943 - Epsilon 0.17154967178375816 - Mean Reward 380.55 - Mean Length 141.37 - Mean Loss 2.348 - Mean Q Value 29.249 - Time Delta 20.881 - Time 2024-03-10T17:50:20
Episode 2540 - Step 347570 - Epsilon 0.1714370435110771 - Mean Reward 374.4 - Mean Length 140.23 - Mean Loss 2.329 - Mean Q Value 29.368 - Time Delta 20.137 - Time 2024-03-10T17:50:40
Episode 2560 - Step 349989 - Epsilon 0.17133339828892558 - Mean Reward 353.95 - Mean Length 136.45 - Mean Loss 2.308 - Mean Q Value 29.436 - Time Delta 18.558 - Time 2024-03-10T17:50:59
Episode 2580 - Step 352538 - Epsilon 0.17122425084800408 - Mean Reward 355.0 - Mean Length 136.04 - Mean Loss 2.325 - Mean Q Value 29.558 - Time Delta 19.65 - Time 2024-03-10T17:51:18
Episode 2600 - Step 355457 - Epsilon 0.1710993455156936 - Mean Reward 341.35 - Mean Length 132.41 - Mean Loss 2.327 - Mean Q Value 29.656 - Time Delta 22.224 - Time 2024-03-10T17:51:41
Episode 2620 - Step 358171 - Epsilon 0.1709832939701774 - Mean Reward 336.95 - Mean Length 132.28 - Mean Loss 2.296 - Mean Q Value 29.654 - Time Delta 20.655 - Time 2024-03-10T17:52:01
Episode 2640 - Step 361103 - Epsilon 0.1708580091225261 - Mean Reward 353.15 - Mean Length 135.33 - Mean Loss 2.29 - Mean Q Value 29.724 - Time Delta 22.118 - Time 2024-03-10T17:52:23
Episode 2660 - Step 364283 - Epsilon 0.1707222309672507 - Mean Reward 383.75 - Mean Length 142.94 - Mean Loss 2.334 - Mean Q Value 29.884 - Time Delta 23.931 - Time 2024-03-10T17:52:47
Episode 2680 - Step 367028 - Epsilon 0.17060511301228787 - Mean Reward 389.05 - Mean Length 144.9 - Mean Loss 2.318 - Mean Q Value 29.98 - Time Delta 20.807 - Time 2024-03-10T17:53:08
Episode 2700 - Step 369609 - Epsilon 0.1704950655572243 - Mean Reward 378.35 - Mean Length 141.52 - Mean Loss 2.303 - Mean Q Value 30.082 - Time Delta 19.62 - Time 2024-03-10T17:53:28
Episode 2720 - Step 372388 - Epsilon 0.17037665523315984 - Mean Reward 384.4 - Mean Length 142.17 - Mean Loss 2.343 - Mean Q Value 30.146 - Time Delta 21.104 - Time 2024-03-10T17:53:49
Episode 2740 - Step 375078 - Epsilon 0.17026211543650605 - Mean Reward 369.65 - Mean Length 139.75 - Mean Loss 2.345 - Mean Q Value 30.185 - Time Delta 20.643 - Time 2024-03-10T17:54:10
Episode 2760 - Step 377854 - Epsilon 0.17014399450631507 - Mean Reward 355.25 - Mean Length 135.71 - Mean Loss 2.317 - Mean Q Value 30.133 - Time Delta 21.089 - Time 2024-03-10T17:54:31
Episode 2780 - Step 380737 - Epsilon 0.17002140738957378 - Mean Reward 364.85 - Mean Length 137.09 - Mean Loss 2.326 - Mean Q Value 30.059 - Time Delta 21.81 - Time 2024-03-10T17:54:52
Episode 2800 - Step 383468 - Epsilon 0.16990536487767754 - Mean Reward 370.4 - Mean Length 138.59 - Mean Loss 2.37 - Mean Q Value 30.048 - Time Delta 20.785 - Time 2024-03-10T17:55:13
Episode 2820 - Step 386101 - Epsilon 0.16979356145859295 - Mean Reward 360.75 - Mean Length 137.13 - Mean Loss 2.349 - Mean Q Value 30.125 - Time Delta 20.084 - Time 2024-03-10T17:55:33
Episode 2840 - Step 388682 - Epsilon 0.16968403748832706 - Mean Reward 354.6 - Mean Length 136.04 - Mean Loss 2.342 - Mean Q Value 30.084 - Time Delta 19.638 - Time 2024-03-10T17:55:53
Episode 2860 - Step 391750 - Epsilon 0.16955393971416732 - Mean Reward 360.55 - Mean Length 138.96 - Mean Loss 2.365 - Mean Q Value 30.154 - Time Delta 23.188 - Time 2024-03-10T17:56:16
Episode 2880 - Step 394599 - Epsilon 0.16943321790265767 - Mean Reward 355.35 - Mean Length 138.62 - Mean Loss 2.378 - Mean Q Value 30.189 - Time Delta 21.696 - Time 2024-03-10T17:56:38
Episode 2900 - Step 397087 - Epsilon 0.16932786319664817 - Mean Reward 345.65 - Mean Length 136.19 - Mean Loss 2.342 - Mean Q Value 30.146 - Time Delta 18.98 - Time 2024-03-10T17:56:57
Episode 2920 - Step 399880 - Epsilon 0.16920967126993888 - Mean Reward 360.8 - Mean Length 137.79 - Mean Loss 2.343 - Mean Q Value 30.079 - Time Delta 21.143 - Time 2024-03-10T17:57:18
Episode 2940 - Step 402575 - Epsilon 0.16909570463647833 - Mean Reward 371.45 - Mean Length 138.93 - Mean Loss 2.384 - Mean Q Value 30.131 - Time Delta 20.432 - Time 2024-03-10T17:57:38
Episode 2960 - Step 405248 - Epsilon 0.16898274416484055 - Mean Reward 359.8 - Mean Length 134.98 - Mean Loss 2.372 - Mean Q Value 30.028 - Time Delta 20.273 - Time 2024-03-10T17:57:59
Episode 2980 - Step 407542 - Epsilon 0.1688858603330324 - Mean Reward 343.7 - Mean Length 129.43 - Mean Loss 2.349 - Mean Q Value 30.022 - Time Delta 17.527 - Time 2024-03-10T17:58:16
Episode 3000 - Step 410512 - Epsilon 0.16876050910844975 - Mean Reward 359.65 - Mean Length 134.25 - Mean Loss 2.342 - Mean Q Value 29.958 - Time Delta 22.315 - Time 2024-03-10T17:58:39
Episode 3020 - Step 413178 - Epsilon 0.16864806769032314 - Mean Reward 354.45 - Mean Length 132.98 - Mean Loss 2.343 - Mean Q Value 29.886 - Time Delta 20.261 - Time 2024-03-10T17:58:59
Episode 3040 - Step 416074 - Epsilon 0.16852601066401635 - Mean Reward 363.6 - Mean Length 134.99 - Mean Loss 2.298 - Mean Q Value 29.778 - Time Delta 21.852 - Time 2024-03-10T17:59:21
Episode 3060 - Step 418869 - Epsilon 0.16840829423130196 - Mean Reward 369.35 - Mean Length 136.21 - Mean Loss 2.285 - Mean Q Value 29.697 - Time Delta 21.333 - Time 2024-03-10T17:59:42
Episode 3080 - Step 421408 - Epsilon 0.16830143097248104 - Mean Reward 374.6 - Mean Length 138.66 - Mean Loss 2.297 - Mean Q Value 29.605 - Time Delta 19.475 - Time 2024-03-10T18:00:01
Episode 3100 - Step 424476 - Epsilon 0.1681723932510695 - Mean Reward 376.7 - Mean Length 139.64 - Mean Loss 2.327 - Mean Q Value 29.56 - Time Delta 23.146 - Time 2024-03-10T18:00:25
Episode 3120 - Step 427188 - Epsilon 0.16805841099853172 - Mean Reward 372.05 - Mean Length 140.1 - Mean Loss 2.324 - Mean Q Value 29.608 - Time Delta 20.587 - Time 2024-03-10T18:00:45
Episode 3140 - Step 430078 - Epsilon 0.16793703263461018 - Mean Reward 366.7 - Mean Length 140.04 - Mean Loss 2.316 - Mean Q Value 29.612 - Time Delta 21.919 - Time 2024-03-10T18:01:07
Episode 3160 - Step 432704 - Epsilon 0.1678268181407598 - Mean Reward 368.55 - Mean Length 138.35 - Mean Loss 2.345 - Mean Q Value 29.713 - Time Delta 20.135 - Time 2024-03-10T18:01:27
Episode 3180 - Step 435071 - Epsilon 0.16772753598670528 - Mean Reward 362.5 - Mean Length 136.63 - Mean Loss 2.336 - Mean Q Value 29.824 - Time Delta 18.271 - Time 2024-03-10T18:01:45
Episode 3200 - Step 437814 - Epsilon 0.16761255624269963 - Mean Reward 347.6 - Mean Length 133.38 - Mean Loss 2.325 - Mean Q Value 29.867 - Time Delta 20.965 - Time 2024-03-10T18:02:06
Episode 3220 - Step 440808 - Epsilon 0.16748714516960767 - Mean Reward 367.6 - Mean Length 136.2 - Mean Loss 2.345 - Mean Q Value 29.891 - Time Delta 22.7 - Time 2024-03-10T18:02:29
Episode 3240 - Step 443926 - Epsilon 0.16735663979469464 - Mean Reward 375.6 - Mean Length 138.48 - Mean Loss 2.382 - Mean Q Value 29.948 - Time Delta 23.755 - Time 2024-03-10T18:02:53
Episode 3260 - Step 446660 - Epsilon 0.16724229060037438 - Mean Reward 368.25 - Mean Length 139.56 - Mean Loss 2.363 - Mean Q Value 29.994 - Time Delta 21.059 - Time 2024-03-10T18:03:14
Episode 3280 - Step 449373 - Epsilon 0.1671288969615496 - Mean Reward 379.25 - Mean Length 143.02 - Mean Loss 2.355 - Mean Q Value 29.984 - Time Delta 20.873 - Time 2024-03-10T18:03:35
Episode 3300 - Step 452429 - Epsilon 0.16700125923211967 - Mean Reward 389.15 - Mean Length 146.15 - Mean Loss 2.358 - Mean Q Value 30.063 - Time Delta 23.438 - Time 2024-03-10T18:03:58
Episode 3320 - Step 455397 - Epsilon 0.16687739024334572 - Mean Reward 379.35 - Mean Length 145.89 - Mean Loss 2.341 - Mean Q Value 30.061 - Time Delta 22.461 - Time 2024-03-10T18:04:21
Episode 3340 - Step 458425 - Epsilon 0.16675111184553226 - Mean Reward 378.75 - Mean Length 144.99 - Mean Loss 2.316 - Mean Q Value 30.091 - Time Delta 22.72 - Time 2024-03-10T18:04:43
Episode 3360 - Step 461169 - Epsilon 0.16663675979573336 - Mean Reward 386.9 - Mean Length 145.09 - Mean Loss 2.341 - Mean Q Value 30.072 - Time Delta 20.782 - Time 2024-03-10T18:05:04
Episode 3380 - Step 463902 - Epsilon 0.16652294410207483 - Mean Reward 385.05 - Mean Length 145.29 - Mean Loss 2.356 - Mean Q Value 30.034 - Time Delta 20.825 - Time 2024-03-10T18:05:25
Episode 3400 - Step 466285 - Epsilon 0.16642376759085167 - Mean Reward 367.6 - Mean Length 138.56 - Mean Loss 2.333 - Mean Q Value 29.984 - Time Delta 18.21 - Time 2024-03-10T18:05:43
Episode 3420 - Step 469030 - Epsilon 0.1663095984448244 - Mean Reward 363.85 - Mean Length 136.33 - Mean Loss 2.316 - Mean Q Value 29.988 - Time Delta 20.889 - Time 2024-03-10T18:06:04
Episode 3440 - Step 471885 - Epsilon 0.16619093730631684 - Mean Reward 352.05 - Mean Length 134.6 - Mean Loss 2.335 - Mean Q Value 29.976 - Time Delta 21.81 - Time 2024-03-10T18:06:26
Episode 3460 - Step 474620 - Epsilon 0.16607734307817154 - Mean Reward 347.95 - Mean Length 134.51 - Mean Loss 2.328 - Mean Q Value 30.037 - Time Delta 20.912 - Time 2024-03-10T18:06:47
Episode 3480 - Step 477533 - Epsilon 0.16595644126666054 - Mean Reward 357.95 - Mean Length 136.31 - Mean Loss 2.309 - Mean Q Value 30.054 - Time Delta 22.276 - Time 2024-03-10T18:07:09
Episode 3500 - Step 480218 - Epsilon 0.16584508037120632 - Mean Reward 370.0 - Mean Length 139.33 - Mean Loss 2.311 - Mean Q Value 30.002 - Time Delta 20.755 - Time 2024-03-10T18:07:30
slurmstepd: error: *** JOB 4822575 ON node026 CANCELLED AT 2024-03-10T18:34:30 ***
